  [1m[36m (1.7ms)[0m  [1mCREATE TABLE "schema_migrations" ("version" varchar NOT NULL) [0m
  [1m[35m (0.1ms)[0m  select sqlite_version(*)
  [1m[36m (1.6ms)[0m  [1mCREATE UNIQUE INDEX "unique_schema_migrations" ON "schema_migrations" ("version")[0m
  [1m[35mActiveRecord::SchemaMigration Load (0.1ms)[0m  SELECT "schema_migrations".* FROM "schema_migrations"


Started GET "/" for ::1 at 2015-11-17 17:47:54 -0600
Processing by Rails::WelcomeController#index as HTML
  Rendered /Users/admin/.rvm/gems/ruby-2.1.2/gems/railties-4.2.3/lib/rails/templates/rails/welcome/index.html.erb (2.8ms)
Completed 200 OK in 27ms (Views: 19.4ms | ActiveRecord: 0.0ms)
  [1m[36mActiveRecord::SchemaMigration Load (0.1ms)[0m  [1mSELECT "schema_migrations".* FROM "schema_migrations"[0m
Migrating to CreateStudents (1)
  [1m[35m (0.1ms)[0m  begin transaction
  [1m[36m (0.4ms)[0m  [1mCREATE TABLE "students" ("id" INTEGER PRIMARY KEY AUTOINCREMENT NOT NULL, "first_name" varchar, "last_name" varchar, "created_at" datetime NOT NULL, "updated_at" datetime NOT NULL) [0m
  [1m[35mSQL (0.3ms)[0m  INSERT INTO "schema_migrations" ("version") VALUES (?)  [["version", "1"]]
  [1m[36m (1.4ms)[0m  [1mcommit transaction[0m
  [1m[35mActiveRecord::SchemaMigration Load (0.1ms)[0m  SELECT "schema_migrations".* FROM "schema_migrations"
  [1m[36m (0.1ms)[0m  [1mbegin transaction[0m
  [1m[35mSQL (0.3ms)[0m  INSERT INTO "students" ("first_name", "last_name", "created_at", "updated_at") VALUES (?, ?, ?, ?)  [["first_name", "Jordan"], ["last_name", "Hudgens"], ["created_at", "2015-11-18 00:10:55.545365"], ["updated_at", "2015-11-18 00:10:55.545365"]]
  [1m[36m (2.9ms)[0m  [1mcommit transaction[0m
  [1m[35mStudent Load (0.2ms)[0m  SELECT  "students".* FROM "students"  ORDER BY "students"."id" DESC LIMIT 1
  [1m[36m (0.1ms)[0m  [1mbegin transaction[0m
  [1m[35mSQL (0.3ms)[0m  INSERT INTO "students" ("created_at", "updated_at") VALUES (?, ?)  [["created_at", "2015-11-18 00:17:49.095449"], ["updated_at", "2015-11-18 00:17:49.095449"]]
  [1m[36m (1.2ms)[0m  [1mcommit transaction[0m
  [1m[35mStudent Load (0.2ms)[0m  SELECT  "students".* FROM "students"  ORDER BY "students"."id" DESC LIMIT 1
  [1m[36mActiveRecord::SchemaMigration Load (0.1ms)[0m  [1mSELECT "schema_migrations".* FROM "schema_migrations"[0m
  [1m[35mActiveRecord::SchemaMigration Load (0.1ms)[0m  SELECT "schema_migrations".* FROM "schema_migrations"


Started GET "/" for ::1 at 2015-11-18 13:36:42 -0600
  [1m[36mActiveRecord::SchemaMigration Load (0.1ms)[0m  [1mSELECT "schema_migrations".* FROM "schema_migrations"[0m
Processing by Rails::WelcomeController#index as HTML
  Rendered /Users/admin/.rvm/gems/ruby-2.1.2/gems/railties-4.2.3/lib/rails/templates/rails/welcome/index.html.erb (2.4ms)
Completed 200 OK in 39ms (Views: 24.5ms | ActiveRecord: 0.0ms)


Started GET "/" for ::1 at 2015-11-18 13:37:10 -0600
Processing by Rails::WelcomeController#index as HTML
  Rendered /Users/admin/.rvm/gems/ruby-2.1.2/gems/railties-4.2.3/lib/rails/templates/rails/welcome/index.html.erb (0.0ms)
Completed 200 OK in 1ms (Views: 0.7ms | ActiveRecord: 0.0ms)
  [1m[36mActiveRecord::SchemaMigration Load (0.5ms)[0m  [1mSELECT "schema_migrations".* FROM "schema_migrations"[0m
  [1m[35mActiveRecord::SchemaMigration Load (0.1ms)[0m  SELECT "schema_migrations".* FROM "schema_migrations"
  [1m[36mStudent Load (0.4ms)[0m  [1mSELECT  "students".* FROM "students"  ORDER BY "students"."id" DESC LIMIT 1[0m
  [1m[35mStudent Load (0.2ms)[0m  SELECT  "students".* FROM "students"  ORDER BY "students"."id" DESC LIMIT 1
  [1m[36m (0.1ms)[0m  [1mbegin transaction[0m
  [1m[35mSQL (0.6ms)[0m  DELETE FROM "students" WHERE "students"."id" = ?  [["id", 2]]
  [1m[36m (1.6ms)[0m  [1mcommit transaction[0m
  [1m[35mStudent Load (0.2ms)[0m  SELECT "students".* FROM "students"
  [1m[36mStudent Load (2.3ms)[0m  [1m[34mSELECT "students".* FROM "students"[0m
  [1m[36mSchoolClass Load (0.2ms)[0m  [1m[34mSELECT "school_classes".* FROM "school_classes"[0m
  [1m[35m (1.2ms)[0m  [1m[35mCREATE TABLE "ar_internal_metadata" ("key" varchar NOT NULL PRIMARY KEY, "value" varchar, "created_at" datetime NOT NULL, "updated_at" datetime NOT NULL)[0m
  [1m[36mActiveRecord::SchemaMigration Load (0.1ms)[0m  [1m[34mSELECT "schema_migrations".* FROM "schema_migrations"[0m
Migrating to CreateSchoolClasses (20200316003037)
  [1m[35m (0.0ms)[0m  [1m[36mbegin transaction[0m
  [1m[35m (0.3ms)[0m  [1m[35mCREATE TABLE "school_classes" ("id" INTEGER PRIMARY KEY AUTOINCREMENT NOT NULL, "title" varchar, "room_number" integer, "created_at" datetime NOT NULL, "updated_at" datetime NOT NULL)[0m
  [1m[35mSQL (0.1ms)[0m  [1m[32mINSERT INTO "schema_migrations" ("version") VALUES (?)[0m  [["version", "20200316003037"]]
  [1m[35m (0.8ms)[0m  [1m[36mcommit transaction[0m
  [1m[36mActiveRecord::InternalMetadata Load (0.1ms)[0m  [1m[34mSELECT  "ar_internal_metadata".* FROM "ar_internal_metadata" WHERE "ar_internal_metadata"."key" = ? LIMIT ?[0m  [["key", "environment"], ["LIMIT", 1]]
  [1m[35m (0.0ms)[0m  [1m[36mbegin transaction[0m
  [1m[35mSQL (0.3ms)[0m  [1m[32mINSERT INTO "ar_internal_metadata" ("key", "value", "created_at", "updated_at") VALUES (?, ?, ?, ?)[0m  [["key", "environment"], ["value", "development"], ["created_at", "2020-03-16 00:40:23.364725"], ["updated_at", "2020-03-16 00:40:23.364725"]]
  [1m[35m (0.5ms)[0m  [1m[36mcommit transaction[0m
  [1m[36mActiveRecord::SchemaMigration Load (0.1ms)[0m  [1m[34mSELECT "schema_migrations".* FROM "schema_migrations"[0m
  [1m[36mStudent Load (2.2ms)[0m  [1m[34mSELECT "students".* FROM "students"[0m
  [1m[36mSchoolClass Load (0.4ms)[0m  [1m[34mSELECT "school_classes".* FROM "school_classes"[0m
Started GET "/students/new" for ::1 at 2020-03-15 20:42:58 -0400
  [1m[36mActiveRecord::SchemaMigration Load (0.3ms)[0m  [1m[34mSELECT "schema_migrations".* FROM "schema_migrations"[0m
Processing by StudentsController#new as HTML
  Rendering students/new.html.erb within layouts/application
  Rendered students/new.html.erb within layouts/application (1.5ms)
Completed 200 OK in 763ms (Views: 750.1ms | ActiveRecord: 0.0ms)


Started GET "/students" for ::1 at 2020-03-15 20:43:02 -0400
Processing by StudentsController#index as HTML
  Rendering students/index.html.erb within layouts/application
  Rendered students/index.html.erb within layouts/application (0.5ms)
Completed 200 OK in 34ms (Views: 26.5ms | ActiveRecord: 0.0ms)


Started GET "/schoolclasses" for ::1 at 2020-03-15 20:43:12 -0400
  
ActionController::RoutingError (No route matches [GET] "/schoolclasses"):
  
actionpack (5.0.7.1) lib/action_dispatch/middleware/debug_exceptions.rb:53:in `call'
actionpack (5.0.7.1) lib/action_dispatch/middleware/show_exceptions.rb:31:in `call'
railties (5.0.7.1) lib/rails/rack/logger.rb:36:in `call_app'
railties (5.0.7.1) lib/rails/rack/logger.rb:24:in `block in call'
activesupport (5.0.7.1) lib/active_support/tagged_logging.rb:69:in `block in tagged'
activesupport (5.0.7.1) lib/active_support/tagged_logging.rb:26:in `tagged'
activesupport (5.0.7.1) lib/active_support/tagged_logging.rb:69:in `tagged'
railties (5.0.7.1) lib/rails/rack/logger.rb:24:in `call'
sprockets-rails (3.2.1) lib/sprockets/rails/quiet_assets.rb:13:in `call'
actionpack (5.0.7.1) lib/action_dispatch/middleware/request_id.rb:24:in `call'
rack (2.0.8) lib/rack/method_override.rb:22:in `call'
rack (2.0.8) lib/rack/runtime.rb:22:in `call'
activesupport (5.0.7.1) lib/active_support/cache/strategy/local_cache_middleware.rb:28:in `call'
actionpack (5.0.7.1) lib/action_dispatch/middleware/executor.rb:12:in `call'
actionpack (5.0.7.1) lib/action_dispatch/middleware/static.rb:136:in `call'
rack (2.0.8) lib/rack/sendfile.rb:111:in `call'
railties (5.0.7.1) lib/rails/engine.rb:522:in `call'
rack (2.0.8) lib/rack/handler/webrick.rb:86:in `service'
/Users/spencerblum/.rvm/rubies/ruby-2.6.1/lib/ruby/2.6.0/webrick/httpserver.rb:140:in `service'
/Users/spencerblum/.rvm/rubies/ruby-2.6.1/lib/ruby/2.6.0/webrick/httpserver.rb:96:in `run'
/Users/spencerblum/.rvm/rubies/ruby-2.6.1/lib/ruby/2.6.0/webrick/server.rb:307:in `block in start_thread'
  Rendering /Users/spencerblum/.rvm/gems/ruby-2.6.1/gems/actionpack-5.0.7.1/lib/action_dispatch/middleware/templates/rescues/routing_error.html.erb within rescues/layout
  Rendering /Users/spencerblum/.rvm/gems/ruby-2.6.1/gems/actionpack-5.0.7.1/lib/action_dispatch/middleware/templates/rescues/_trace.html.erb
  Rendered /Users/spencerblum/.rvm/gems/ruby-2.6.1/gems/actionpack-5.0.7.1/lib/action_dispatch/middleware/templates/rescues/_trace.html.erb (2.3ms)
  Rendered collection of /Users/spencerblum/.rvm/gems/ruby-2.6.1/gems/actionpack-5.0.7.1/lib/action_dispatch/middleware/templates/routes/_route.html.erb [16 times] (14.7ms)
  Rendered /Users/spencerblum/.rvm/gems/ruby-2.6.1/gems/actionpack-5.0.7.1/lib/action_dispatch/middleware/templates/routes/_table.html.erb (15.7ms)
  Rendering /Users/spencerblum/.rvm/gems/ruby-2.6.1/gems/actionpack-5.0.7.1/lib/action_dispatch/middleware/templates/rescues/_request_and_response.html.erb
  Rendered /Users/spencerblum/.rvm/gems/ruby-2.6.1/gems/actionpack-5.0.7.1/lib/action_dispatch/middleware/templates/rescues/_request_and_response.html.erb (2.9ms)
  Rendered /Users/spencerblum/.rvm/gems/ruby-2.6.1/gems/actionpack-5.0.7.1/lib/action_dispatch/middleware/templates/rescues/routing_error.html.erb within rescues/layout (96.7ms)
Started GET "/school_classes" for ::1 at 2020-03-15 20:43:18 -0400
Processing by SchoolClassesController#index as HTML
  Rendering school_classes/index.html.erb within layouts/application
  Rendered school_classes/index.html.erb within layouts/application (0.7ms)
Completed 200 OK in 34ms (Views: 33.0ms | ActiveRecord: 0.0ms)


Started GET "/school_classes/new" for ::1 at 2020-03-15 20:43:35 -0400
Processing by SchoolClassesController#new as HTML
  Rendering school_classes/new.html.erb within layouts/application
  Rendered school_classes/new.html.erb within layouts/application (0.3ms)
Completed 200 OK in 27ms (Views: 24.3ms | ActiveRecord: 0.0ms)


Started GET "/students/new" for ::1 at 2020-03-15 20:59:50 -0400
Processing by StudentsController#new as HTML
  Rendering students/new.html.erb within layouts/application
  Rendered students/new.html.erb within layouts/application (50.2ms)
Completed 500 Internal Server Error in 54ms (ActiveRecord: 0.0ms)


  
ActionView::Template::Error (First argument in form cannot contain nil or be empty):
    1: 
    2: <%= form_for(@student) do |f| %>
    3:   First name: <%= f.text_field :first_name %><br />
    4:   Last name : <%= f.text_field :last_name %><br />
    5: 
  
app/views/students/new.html.erb:2:in `_app_views_students_new_html_erb__872864148164813696_70177847932480'
  Rendering /Users/spencerblum/.rvm/gems/ruby-2.6.1/gems/actionpack-5.0.7.1/lib/action_dispatch/middleware/templates/rescues/template_error.html.erb within rescues/layout
  Rendering /Users/spencerblum/.rvm/gems/ruby-2.6.1/gems/actionpack-5.0.7.1/lib/action_dispatch/middleware/templates/rescues/_source.html.erb
  Rendered /Users/spencerblum/.rvm/gems/ruby-2.6.1/gems/actionpack-5.0.7.1/lib/action_dispatch/middleware/templates/rescues/_source.html.erb (3.8ms)
  Rendering /Users/spencerblum/.rvm/gems/ruby-2.6.1/gems/actionpack-5.0.7.1/lib/action_dispatch/middleware/templates/rescues/_trace.html.erb
  Rendered /Users/spencerblum/.rvm/gems/ruby-2.6.1/gems/actionpack-5.0.7.1/lib/action_dispatch/middleware/templates/rescues/_trace.html.erb (1.7ms)
  Rendering /Users/spencerblum/.rvm/gems/ruby-2.6.1/gems/actionpack-5.0.7.1/lib/action_dispatch/middleware/templates/rescues/_request_and_response.html.erb
  Rendered /Users/spencerblum/.rvm/gems/ruby-2.6.1/gems/actionpack-5.0.7.1/lib/action_dispatch/middleware/templates/rescues/_request_and_response.html.erb (0.7ms)
  Rendered /Users/spencerblum/.rvm/gems/ruby-2.6.1/gems/actionpack-5.0.7.1/lib/action_dispatch/middleware/templates/rescues/template_error.html.erb within rescues/layout (35.1ms)
Started GET "/student/new" for ::1 at 2020-03-15 21:00:02 -0400
  
ActionController::RoutingError (No route matches [GET] "/student/new"):
  
actionpack (5.0.7.1) lib/action_dispatch/middleware/debug_exceptions.rb:53:in `call'
actionpack (5.0.7.1) lib/action_dispatch/middleware/show_exceptions.rb:31:in `call'
railties (5.0.7.1) lib/rails/rack/logger.rb:36:in `call_app'
railties (5.0.7.1) lib/rails/rack/logger.rb:24:in `block in call'
activesupport (5.0.7.1) lib/active_support/tagged_logging.rb:69:in `block in tagged'
activesupport (5.0.7.1) lib/active_support/tagged_logging.rb:26:in `tagged'
activesupport (5.0.7.1) lib/active_support/tagged_logging.rb:69:in `tagged'
railties (5.0.7.1) lib/rails/rack/logger.rb:24:in `call'
sprockets-rails (3.2.1) lib/sprockets/rails/quiet_assets.rb:13:in `call'
actionpack (5.0.7.1) lib/action_dispatch/middleware/request_id.rb:24:in `call'
rack (2.0.8) lib/rack/method_override.rb:22:in `call'
rack (2.0.8) lib/rack/runtime.rb:22:in `call'
activesupport (5.0.7.1) lib/active_support/cache/strategy/local_cache_middleware.rb:28:in `call'
actionpack (5.0.7.1) lib/action_dispatch/middleware/executor.rb:12:in `call'
actionpack (5.0.7.1) lib/action_dispatch/middleware/static.rb:136:in `call'
rack (2.0.8) lib/rack/sendfile.rb:111:in `call'
railties (5.0.7.1) lib/rails/engine.rb:522:in `call'
rack (2.0.8) lib/rack/handler/webrick.rb:86:in `service'
/Users/spencerblum/.rvm/rubies/ruby-2.6.1/lib/ruby/2.6.0/webrick/httpserver.rb:140:in `service'
/Users/spencerblum/.rvm/rubies/ruby-2.6.1/lib/ruby/2.6.0/webrick/httpserver.rb:96:in `run'
/Users/spencerblum/.rvm/rubies/ruby-2.6.1/lib/ruby/2.6.0/webrick/server.rb:307:in `block in start_thread'
  Rendering /Users/spencerblum/.rvm/gems/ruby-2.6.1/gems/actionpack-5.0.7.1/lib/action_dispatch/middleware/templates/rescues/routing_error.html.erb within rescues/layout
  Rendering /Users/spencerblum/.rvm/gems/ruby-2.6.1/gems/actionpack-5.0.7.1/lib/action_dispatch/middleware/templates/rescues/_trace.html.erb
  Rendered /Users/spencerblum/.rvm/gems/ruby-2.6.1/gems/actionpack-5.0.7.1/lib/action_dispatch/middleware/templates/rescues/_trace.html.erb (1.5ms)
  Rendered collection of /Users/spencerblum/.rvm/gems/ruby-2.6.1/gems/actionpack-5.0.7.1/lib/action_dispatch/middleware/templates/routes/_route.html.erb [16 times] (7.5ms)
  Rendered /Users/spencerblum/.rvm/gems/ruby-2.6.1/gems/actionpack-5.0.7.1/lib/action_dispatch/middleware/templates/routes/_table.html.erb (5.9ms)
  Rendering /Users/spencerblum/.rvm/gems/ruby-2.6.1/gems/actionpack-5.0.7.1/lib/action_dispatch/middleware/templates/rescues/_request_and_response.html.erb
  Rendered /Users/spencerblum/.rvm/gems/ruby-2.6.1/gems/actionpack-5.0.7.1/lib/action_dispatch/middleware/templates/rescues/_request_and_response.html.erb (1.8ms)
  Rendered /Users/spencerblum/.rvm/gems/ruby-2.6.1/gems/actionpack-5.0.7.1/lib/action_dispatch/middleware/templates/rescues/routing_error.html.erb within rescues/layout (67.7ms)
Started GET "/students/new" for ::1 at 2020-03-15 21:00:07 -0400
Processing by StudentsController#new as HTML
  Rendering students/new.html.erb within layouts/application
  Rendered students/new.html.erb within layouts/application (1.7ms)
Completed 500 Internal Server Error in 5ms (ActiveRecord: 0.0ms)


  
ActionView::Template::Error (First argument in form cannot contain nil or be empty):
    1: 
    2: <%= form_for(@student) do |f| %>
    3:   First name: <%= f.text_field :first_name %><br />
    4:   Last name : <%= f.text_field :last_name %><br />
    5: 
  
app/views/students/new.html.erb:2:in `_app_views_students_new_html_erb__872864148164813696_70177818385160'
  Rendering /Users/spencerblum/.rvm/gems/ruby-2.6.1/gems/actionpack-5.0.7.1/lib/action_dispatch/middleware/templates/rescues/template_error.html.erb within rescues/layout
  Rendering /Users/spencerblum/.rvm/gems/ruby-2.6.1/gems/actionpack-5.0.7.1/lib/action_dispatch/middleware/templates/rescues/_source.html.erb
  Rendered /Users/spencerblum/.rvm/gems/ruby-2.6.1/gems/actionpack-5.0.7.1/lib/action_dispatch/middleware/templates/rescues/_source.html.erb (2.5ms)
  Rendering /Users/spencerblum/.rvm/gems/ruby-2.6.1/gems/actionpack-5.0.7.1/lib/action_dispatch/middleware/templates/rescues/_trace.html.erb
  Rendered /Users/spencerblum/.rvm/gems/ruby-2.6.1/gems/actionpack-5.0.7.1/lib/action_dispatch/middleware/templates/rescues/_trace.html.erb (1.8ms)
  Rendering /Users/spencerblum/.rvm/gems/ruby-2.6.1/gems/actionpack-5.0.7.1/lib/action_dispatch/middleware/templates/rescues/_request_and_response.html.erb
  Rendered /Users/spencerblum/.rvm/gems/ruby-2.6.1/gems/actionpack-5.0.7.1/lib/action_dispatch/middleware/templates/rescues/_request_and_response.html.erb (0.8ms)
  Rendered /Users/spencerblum/.rvm/gems/ruby-2.6.1/gems/actionpack-5.0.7.1/lib/action_dispatch/middleware/templates/rescues/template_error.html.erb within rescues/layout (21.8ms)
Started GET "/students/new" for ::1 at 2020-03-15 21:00:35 -0400
Processing by StudentsController#new as HTML
  Rendering students/new.html.erb within layouts/application
  Rendered students/new.html.erb within layouts/application (1.6ms)
Completed 500 Internal Server Error in 6ms (ActiveRecord: 0.0ms)


  
ActionView::Template::Error (First argument in form cannot contain nil or be empty):
    1: 
    2: <%= form_for(@student) do |f| %>
    3:   First name: <%= f.text_field :first_name %><br />
    4:   Last name : <%= f.text_field :last_name %><br />
    5: 
  
app/views/students/new.html.erb:2:in `_app_views_students_new_html_erb__872864148164813696_70177853824060'
  Rendering /Users/spencerblum/.rvm/gems/ruby-2.6.1/gems/actionpack-5.0.7.1/lib/action_dispatch/middleware/templates/rescues/template_error.html.erb within rescues/layout
  Rendering /Users/spencerblum/.rvm/gems/ruby-2.6.1/gems/actionpack-5.0.7.1/lib/action_dispatch/middleware/templates/rescues/_source.html.erb
  Rendered /Users/spencerblum/.rvm/gems/ruby-2.6.1/gems/actionpack-5.0.7.1/lib/action_dispatch/middleware/templates/rescues/_source.html.erb (4.0ms)
  Rendering /Users/spencerblum/.rvm/gems/ruby-2.6.1/gems/actionpack-5.0.7.1/lib/action_dispatch/middleware/templates/rescues/_trace.html.erb
  Rendered /Users/spencerblum/.rvm/gems/ruby-2.6.1/gems/actionpack-5.0.7.1/lib/action_dispatch/middleware/templates/rescues/_trace.html.erb (1.8ms)
  Rendering /Users/spencerblum/.rvm/gems/ruby-2.6.1/gems/actionpack-5.0.7.1/lib/action_dispatch/middleware/templates/rescues/_request_and_response.html.erb
  Rendered /Users/spencerblum/.rvm/gems/ruby-2.6.1/gems/actionpack-5.0.7.1/lib/action_dispatch/middleware/templates/rescues/_request_and_response.html.erb (0.7ms)
  Rendered /Users/spencerblum/.rvm/gems/ruby-2.6.1/gems/actionpack-5.0.7.1/lib/action_dispatch/middleware/templates/rescues/template_error.html.erb within rescues/layout (42.1ms)
Started GET "/students/new" for ::1 at 2020-03-15 21:01:06 -0400
Processing by StudentsController#new as HTML
  Rendering students/new.html.erb within layouts/application
  Rendered students/new.html.erb within layouts/application (0.8ms)
Completed 500 Internal Server Error in 3ms (ActiveRecord: 0.0ms)


  
ActionView::Template::Error (First argument in form cannot contain nil or be empty):
    1: 
    2: <%= form_for(@student) do |f| %>
    3:   <label>Student first name:</label><br>
    4:   <%= f.text_field :first_name %><br>
    5: 
  
app/views/students/new.html.erb:2:in `_app_views_students_new_html_erb__872864148164813696_70177825739160'
  Rendering /Users/spencerblum/.rvm/gems/ruby-2.6.1/gems/actionpack-5.0.7.1/lib/action_dispatch/middleware/templates/rescues/template_error.html.erb within rescues/layout
  Rendering /Users/spencerblum/.rvm/gems/ruby-2.6.1/gems/actionpack-5.0.7.1/lib/action_dispatch/middleware/templates/rescues/_source.html.erb
  Rendered /Users/spencerblum/.rvm/gems/ruby-2.6.1/gems/actionpack-5.0.7.1/lib/action_dispatch/middleware/templates/rescues/_source.html.erb (3.0ms)
  Rendering /Users/spencerblum/.rvm/gems/ruby-2.6.1/gems/actionpack-5.0.7.1/lib/action_dispatch/middleware/templates/rescues/_trace.html.erb
  Rendered /Users/spencerblum/.rvm/gems/ruby-2.6.1/gems/actionpack-5.0.7.1/lib/action_dispatch/middleware/templates/rescues/_trace.html.erb (1.6ms)
  Rendering /Users/spencerblum/.rvm/gems/ruby-2.6.1/gems/actionpack-5.0.7.1/lib/action_dispatch/middleware/templates/rescues/_request_and_response.html.erb
  Rendered /Users/spencerblum/.rvm/gems/ruby-2.6.1/gems/actionpack-5.0.7.1/lib/action_dispatch/middleware/templates/rescues/_request_and_response.html.erb (0.5ms)
  Rendered /Users/spencerblum/.rvm/gems/ruby-2.6.1/gems/actionpack-5.0.7.1/lib/action_dispatch/middleware/templates/rescues/template_error.html.erb within rescues/layout (45.2ms)
Started GET "/students/new" for ::1 at 2020-03-15 21:02:22 -0400
Processing by StudentsController#new as HTML
  Rendering students/new.html.erb within layouts/application
  Rendered students/new.html.erb within layouts/application (2.0ms)
Completed 500 Internal Server Error in 4ms (ActiveRecord: 0.0ms)


  
ActionView::Template::Error (First argument in form cannot contain nil or be empty):
    1: 
    2: <h3>Student Form</h3>
    3: <%= form_for(@student) do |f| %>
    4:   <label>Student first name:</label><br>
    5:   <%= f.text_field :first_name %><br>
    6: 
  
app/views/students/new.html.erb:3:in `_app_views_students_new_html_erb__872864148164813696_70177853661080'
  Rendering /Users/spencerblum/.rvm/gems/ruby-2.6.1/gems/actionpack-5.0.7.1/lib/action_dispatch/middleware/templates/rescues/template_error.html.erb within rescues/layout
  Rendering /Users/spencerblum/.rvm/gems/ruby-2.6.1/gems/actionpack-5.0.7.1/lib/action_dispatch/middleware/templates/rescues/_source.html.erb
  Rendered /Users/spencerblum/.rvm/gems/ruby-2.6.1/gems/actionpack-5.0.7.1/lib/action_dispatch/middleware/templates/rescues/_source.html.erb (2.2ms)
  Rendering /Users/spencerblum/.rvm/gems/ruby-2.6.1/gems/actionpack-5.0.7.1/lib/action_dispatch/middleware/templates/rescues/_trace.html.erb
  Rendered /Users/spencerblum/.rvm/gems/ruby-2.6.1/gems/actionpack-5.0.7.1/lib/action_dispatch/middleware/templates/rescues/_trace.html.erb (2.2ms)
  Rendering /Users/spencerblum/.rvm/gems/ruby-2.6.1/gems/actionpack-5.0.7.1/lib/action_dispatch/middleware/templates/rescues/_request_and_response.html.erb
  Rendered /Users/spencerblum/.rvm/gems/ruby-2.6.1/gems/actionpack-5.0.7.1/lib/action_dispatch/middleware/templates/rescues/_request_and_response.html.erb (0.8ms)
  Rendered /Users/spencerblum/.rvm/gems/ruby-2.6.1/gems/actionpack-5.0.7.1/lib/action_dispatch/middleware/templates/rescues/template_error.html.erb within rescues/layout (30.2ms)
Started GET "/students/new" for ::1 at 2020-03-15 21:05:22 -0400
Processing by StudentsController#new as HTML
  Rendering students/new.html.erb within layouts/application
  Rendered students/new.html.erb within layouts/application (19.1ms)
Completed 200 OK in 77ms (Views: 56.7ms | ActiveRecord: 0.9ms)


Started GET "/students/new" for ::1 at 2020-03-15 21:05:35 -0400
Processing by StudentsController#new as HTML
  Rendering students/new.html.erb within layouts/application
  Rendered students/new.html.erb within layouts/application (1.9ms)
Completed 200 OK in 25ms (Views: 23.2ms | ActiveRecord: 0.0ms)


Started GET "/students/new" for ::1 at 2020-03-15 21:06:31 -0400
Processing by StudentsController#new as HTML
  Rendering students/new.html.erb within layouts/application
  Rendered students/new.html.erb within layouts/application (1.0ms)
Completed 200 OK in 24ms (Views: 22.5ms | ActiveRecord: 0.0ms)


Started POST "/students" for ::1 at 2020-03-15 21:09:42 -0400
Processing by StudentsController#create as HTML
  Parameters: {"utf8"=>"✓", "authenticity_token"=>"i4Z8NuaDpatNX8rciv1kJP3B8CmLuFlLTcrgLmIDl2NBavIxkspJwgUnfHW+Q7iHc+naI5TfEbNBzIdRtqPIbg==", "student"=>{"first_name"=>"sdsdsd", "last_name"=>"sdsd"}, "commit"=>"Create Student"}
  [1m[35m (0.2ms)[0m  [1m[36mbegin transaction[0m
  [1m[35mSQL (2.3ms)[0m  [1m[32mINSERT INTO "students" ("created_at", "updated_at") VALUES (?, ?)[0m  [["created_at", "2020-03-16 01:09:42.843888"], ["updated_at", "2020-03-16 01:09:42.843888"]]
  [1m[35m (0.9ms)[0m  [1m[36mcommit transaction[0m
Redirected to http://localhost:3000/students/3
Completed 302 Found in 30ms (ActiveRecord: 5.1ms)


Started GET "/students/3" for ::1 at 2020-03-15 21:09:42 -0400
Processing by StudentsController#show as HTML
  Parameters: {"id"=>"3"}
  Rendering students/show.html.erb within layouts/application
  Rendered students/show.html.erb within layouts/application (0.4ms)
Completed 200 OK in 136ms (Views: 134.6ms | ActiveRecord: 0.0ms)


Started GET "/students/3/edit" for ::1 at 2020-03-15 21:13:28 -0400
Processing by StudentsController#edit as HTML
  Parameters: {"id"=>"3"}
  [1m[36mStudent Load (0.2ms)[0m  [1m[34mSELECT  "students".* FROM "students" WHERE "students"."id" = ? LIMIT ?[0m  [["id", 3], ["LIMIT", 1]]
  Rendering students/edit.html.erb within layouts/application
  Rendered students/edit.html.erb within layouts/application (3.5ms)
Completed 200 OK in 60ms (Views: 44.4ms | ActiveRecord: 1.0ms)


Started PATCH "/students/3" for ::1 at 2020-03-15 21:14:01 -0400
Processing by StudentsController#update as HTML
  Parameters: {"utf8"=>"✓", "authenticity_token"=>"hdmaNbu3UOVbH2DgYM6fDKnP5Vu/IWJE3XlW6PVbhfRPNRQyz/68jBNn1klUcEOvJ+fPUaBGKrzRfzGXIfva+Q==", "student"=>{"first_name"=>"dsdsd", "last_name"=>"dwedew"}, "commit"=>"Update Student", "id"=>"3"}
  [1m[36mStudent Load (0.3ms)[0m  [1m[34mSELECT "students".* FROM "students"[0m
  [1m[35m (0.1ms)[0m  [1m[36mbegin transaction[0m
  [1m[35mSQL (0.4ms)[0m  [1m[33mUPDATE "students" SET "first_name" = ?, "last_name" = ?, "updated_at" = ? WHERE "students"."id" = ?[0m  [["first_name", nil], ["last_name", nil], ["updated_at", "2020-03-16 01:14:01.825481"], ["id", 1]]
  [1m[35m (12.1ms)[0m  [1m[36mcommit transaction[0m
  [1m[35m (0.1ms)[0m  [1m[36mbegin transaction[0m
  [1m[35m (0.0ms)[0m  [1m[36mcommit transaction[0m
Completed 500 Internal Server Error in 30ms (ActiveRecord: 13.4ms)


  
NoMethodError (undefined method `save' for #<Array:0x00007fa717c931d0>):
  
app/controllers/students_controller.rb:21:in `update'
  Rendering /Users/spencerblum/.rvm/gems/ruby-2.6.1/gems/actionpack-5.0.7.1/lib/action_dispatch/middleware/templates/rescues/diagnostics.html.erb within rescues/layout
  Rendering /Users/spencerblum/.rvm/gems/ruby-2.6.1/gems/actionpack-5.0.7.1/lib/action_dispatch/middleware/templates/rescues/_source.html.erb
  Rendered /Users/spencerblum/.rvm/gems/ruby-2.6.1/gems/actionpack-5.0.7.1/lib/action_dispatch/middleware/templates/rescues/_source.html.erb (2.0ms)
  Rendering /Users/spencerblum/.rvm/gems/ruby-2.6.1/gems/actionpack-5.0.7.1/lib/action_dispatch/middleware/templates/rescues/_trace.html.erb
  Rendered /Users/spencerblum/.rvm/gems/ruby-2.6.1/gems/actionpack-5.0.7.1/lib/action_dispatch/middleware/templates/rescues/_trace.html.erb (1.7ms)
  Rendering /Users/spencerblum/.rvm/gems/ruby-2.6.1/gems/actionpack-5.0.7.1/lib/action_dispatch/middleware/templates/rescues/_request_and_response.html.erb
  Rendered /Users/spencerblum/.rvm/gems/ruby-2.6.1/gems/actionpack-5.0.7.1/lib/action_dispatch/middleware/templates/rescues/_request_and_response.html.erb (28.9ms)
  Rendered /Users/spencerblum/.rvm/gems/ruby-2.6.1/gems/actionpack-5.0.7.1/lib/action_dispatch/middleware/templates/rescues/diagnostics.html.erb within rescues/layout (86.5ms)
Started PATCH "/students/3" for ::1 at 2020-03-15 21:14:13 -0400
Processing by StudentsController#update as HTML
  Parameters: {"utf8"=>"✓", "authenticity_token"=>"hdmaNbu3UOVbH2DgYM6fDKnP5Vu/IWJE3XlW6PVbhfRPNRQyz/68jBNn1klUcEOvJ+fPUaBGKrzRfzGXIfva+Q==", "student"=>{"first_name"=>"dsdsd", "last_name"=>"dwedew"}, "commit"=>"Update Student", "id"=>"3"}
  [1m[36mStudent Load (0.3ms)[0m  [1m[34mSELECT "students".* FROM "students"[0m
  [1m[35m (0.1ms)[0m  [1m[36mbegin transaction[0m
  [1m[35m (0.0ms)[0m  [1m[36mcommit transaction[0m
  [1m[35m (0.0ms)[0m  [1m[36mbegin transaction[0m
  [1m[35m (0.0ms)[0m  [1m[36mcommit transaction[0m
Redirected to http://localhost:3000/students/1%2F3
Completed 302 Found in 10ms (ActiveRecord: 0.9ms)


Started GET "/students/1%2F3" for ::1 at 2020-03-15 21:14:13 -0400
Processing by StudentsController#show as HTML
  Parameters: {"id"=>"1/3"}
  Rendering students/show.html.erb within layouts/application
  Rendered students/show.html.erb within layouts/application (0.4ms)
Completed 200 OK in 28ms (Views: 25.9ms | ActiveRecord: 0.0ms)


Started PATCH "/students/3" for ::1 at 2020-03-15 21:14:19 -0400
Processing by StudentsController#update as HTML
  Parameters: {"utf8"=>"✓", "authenticity_token"=>"hdmaNbu3UOVbH2DgYM6fDKnP5Vu/IWJE3XlW6PVbhfRPNRQyz/68jBNn1klUcEOvJ+fPUaBGKrzRfzGXIfva+Q==", "student"=>{"first_name"=>"dsdsd", "last_name"=>"dwedew"}, "commit"=>"Update Student", "id"=>"3"}
  [1m[36mStudent Load (0.2ms)[0m  [1m[34mSELECT "students".* FROM "students"[0m
  [1m[35m (0.1ms)[0m  [1m[36mbegin transaction[0m
  [1m[35m (0.0ms)[0m  [1m[36mcommit transaction[0m
  [1m[35m (0.0ms)[0m  [1m[36mbegin transaction[0m
  [1m[35m (0.0ms)[0m  [1m[36mcommit transaction[0m
Redirected to http://localhost:3000/students/1%2F3
Completed 302 Found in 3ms (ActiveRecord: 0.3ms)


Started GET "/students/1%2F3" for ::1 at 2020-03-15 21:14:19 -0400
Processing by StudentsController#show as HTML
  Parameters: {"id"=>"1/3"}
  Rendering students/show.html.erb within layouts/application
  Rendered students/show.html.erb within layouts/application (0.4ms)
Completed 200 OK in 28ms (Views: 25.2ms | ActiveRecord: 0.0ms)


Started PATCH "/students/3" for ::1 at 2020-03-15 21:15:03 -0400
Processing by StudentsController#update as HTML
  Parameters: {"utf8"=>"✓", "authenticity_token"=>"hdmaNbu3UOVbH2DgYM6fDKnP5Vu/IWJE3XlW6PVbhfRPNRQyz/68jBNn1klUcEOvJ+fPUaBGKrzRfzGXIfva+Q==", "student"=>{"first_name"=>"happy", "last_name"=>"happy"}, "commit"=>"Update Student", "id"=>"3"}
  [1m[36mStudent Load (0.2ms)[0m  [1m[34mSELECT "students".* FROM "students"[0m
  [1m[35m (0.1ms)[0m  [1m[36mbegin transaction[0m
  [1m[35m (0.0ms)[0m  [1m[36mcommit transaction[0m
  [1m[35m (0.0ms)[0m  [1m[36mbegin transaction[0m
  [1m[35m (0.0ms)[0m  [1m[36mcommit transaction[0m
Redirected to http://localhost:3000/students/1%2F3
Completed 302 Found in 3ms (ActiveRecord: 0.3ms)


Started GET "/students/1%2F3" for ::1 at 2020-03-15 21:15:03 -0400
Processing by StudentsController#show as HTML
  Parameters: {"id"=>"1/3"}
  Rendering students/show.html.erb within layouts/application
  Rendered students/show.html.erb within layouts/application (0.3ms)
Completed 200 OK in 32ms (Views: 30.8ms | ActiveRecord: 0.0ms)


Started GET "/students" for ::1 at 2020-03-15 21:18:04 -0400
Processing by StudentsController#index as HTML
  Rendering students/index.html.erb within layouts/application
  Rendered students/index.html.erb within layouts/application (1.3ms)
Completed 500 Internal Server Error in 6ms (ActiveRecord: 0.0ms)


  
ActionView::Template::Error (undefined method `each' for nil:NilClass):
    1: <h1>Students#index</h1>
    2: <p>Find me in app/views/students/index.html.erb</p>
    3: 
    4: <% @students.each do |student|%>
    5:     <%=student.first_name%>
    6: <%end%>
  
app/views/students/index.html.erb:4:in `_app_views_students_index_html_erb__4044459642792450644_70177865651240'
  Rendering /Users/spencerblum/.rvm/gems/ruby-2.6.1/gems/actionpack-5.0.7.1/lib/action_dispatch/middleware/templates/rescues/template_error.html.erb within rescues/layout
  Rendering /Users/spencerblum/.rvm/gems/ruby-2.6.1/gems/actionpack-5.0.7.1/lib/action_dispatch/middleware/templates/rescues/_source.html.erb
  Rendered /Users/spencerblum/.rvm/gems/ruby-2.6.1/gems/actionpack-5.0.7.1/lib/action_dispatch/middleware/templates/rescues/_source.html.erb (3.7ms)
  Rendering /Users/spencerblum/.rvm/gems/ruby-2.6.1/gems/actionpack-5.0.7.1/lib/action_dispatch/middleware/templates/rescues/_trace.html.erb
  Rendered /Users/spencerblum/.rvm/gems/ruby-2.6.1/gems/actionpack-5.0.7.1/lib/action_dispatch/middleware/templates/rescues/_trace.html.erb (1.7ms)
  Rendering /Users/spencerblum/.rvm/gems/ruby-2.6.1/gems/actionpack-5.0.7.1/lib/action_dispatch/middleware/templates/rescues/_request_and_response.html.erb
  Rendered /Users/spencerblum/.rvm/gems/ruby-2.6.1/gems/actionpack-5.0.7.1/lib/action_dispatch/middleware/templates/rescues/_request_and_response.html.erb (0.5ms)
  Rendered /Users/spencerblum/.rvm/gems/ruby-2.6.1/gems/actionpack-5.0.7.1/lib/action_dispatch/middleware/templates/rescues/template_error.html.erb within rescues/layout (21.3ms)
Started GET "/students" for ::1 at 2020-03-15 21:18:20 -0400
Processing by StudentsController#index as HTML
  Rendering students/index.html.erb within layouts/application
  Rendered students/index.html.erb within layouts/application (1.9ms)
Completed 500 Internal Server Error in 6ms (ActiveRecord: 0.0ms)


  
ActionView::Template::Error (undefined method `each' for nil:NilClass):
    1: <h1>Students#index</h1>
    2: <p>Find me in app/views/students/index.html.erb</p>
    3: 
    4: <%= @students.each do |student|%>
    5:     <%=student.first_name%>
    6: <%end%>
  
app/views/students/index.html.erb:4:in `_app_views_students_index_html_erb__4044459642792450644_70177825326360'
  Rendering /Users/spencerblum/.rvm/gems/ruby-2.6.1/gems/actionpack-5.0.7.1/lib/action_dispatch/middleware/templates/rescues/template_error.html.erb within rescues/layout
  Rendering /Users/spencerblum/.rvm/gems/ruby-2.6.1/gems/actionpack-5.0.7.1/lib/action_dispatch/middleware/templates/rescues/_source.html.erb
  Rendered /Users/spencerblum/.rvm/gems/ruby-2.6.1/gems/actionpack-5.0.7.1/lib/action_dispatch/middleware/templates/rescues/_source.html.erb (2.2ms)
  Rendering /Users/spencerblum/.rvm/gems/ruby-2.6.1/gems/actionpack-5.0.7.1/lib/action_dispatch/middleware/templates/rescues/_trace.html.erb
  Rendered /Users/spencerblum/.rvm/gems/ruby-2.6.1/gems/actionpack-5.0.7.1/lib/action_dispatch/middleware/templates/rescues/_trace.html.erb (1.5ms)
  Rendering /Users/spencerblum/.rvm/gems/ruby-2.6.1/gems/actionpack-5.0.7.1/lib/action_dispatch/middleware/templates/rescues/_request_and_response.html.erb
  Rendered /Users/spencerblum/.rvm/gems/ruby-2.6.1/gems/actionpack-5.0.7.1/lib/action_dispatch/middleware/templates/rescues/_request_and_response.html.erb (0.6ms)
  Rendered /Users/spencerblum/.rvm/gems/ruby-2.6.1/gems/actionpack-5.0.7.1/lib/action_dispatch/middleware/templates/rescues/template_error.html.erb within rescues/layout (18.1ms)
Started GET "/students" for ::1 at 2020-03-15 21:20:05 -0400
Processing by StudentsController#index as HTML
  Rendering students/index.html.erb within layouts/application
  [1m[36mStudent Load (0.2ms)[0m  [1m[34mSELECT "students".* FROM "students"[0m
  Rendered students/index.html.erb within layouts/application (10.9ms)
Completed 200 OK in 78ms (Views: 71.7ms | ActiveRecord: 0.9ms)


Started GET "/students" for ::1 at 2020-03-15 21:20:21 -0400
Processing by StudentsController#index as HTML
  Rendering students/index.html.erb within layouts/application
  [1m[36mStudent Load (0.2ms)[0m  [1m[34mSELECT "students".* FROM "students"[0m
  Rendered students/index.html.erb within layouts/application (1.1ms)
Completed 200 OK in 20ms (Views: 17.3ms | ActiveRecord: 0.2ms)


Started GET "/students" for ::1 at 2020-03-15 21:20:46 -0400
Processing by StudentsController#index as HTML
  Rendering students/index.html.erb within layouts/application
  [1m[36mStudent Load (0.2ms)[0m  [1m[34mSELECT "students".* FROM "students"[0m
  Rendered students/index.html.erb within layouts/application (3.8ms)
Completed 200 OK in 22ms (Views: 21.1ms | ActiveRecord: 0.2ms)


  [1m[36mStudent Load (1.5ms)[0m  [1m[34mSELECT "students".* FROM "students"[0m
Started GET "/students" for ::1 at 2020-03-15 21:21:37 -0400
Processing by StudentsController#index as HTML
  Rendering students/index.html.erb within layouts/application
  [1m[36mStudent Load (0.2ms)[0m  [1m[34mSELECT "students".* FROM "students"[0m
  Rendered students/index.html.erb within layouts/application (11.9ms)
Completed 200 OK in 47ms (Views: 38.8ms | ActiveRecord: 5.1ms)


Started GET "/students" for ::1 at 2020-03-15 21:21:45 -0400
Processing by StudentsController#index as HTML
  Rendering students/index.html.erb within layouts/application
  [1m[36mStudent Load (0.2ms)[0m  [1m[34mSELECT "students".* FROM "students"[0m
  Rendered students/index.html.erb within layouts/application (1.6ms)
Completed 200 OK in 22ms (Views: 19.7ms | ActiveRecord: 0.2ms)


Started GET "/students" for ::1 at 2020-03-15 21:22:07 -0400
Processing by StudentsController#index as HTML
  Rendering students/index.html.erb within layouts/application
  [1m[36mStudent Load (0.1ms)[0m  [1m[34mSELECT "students".* FROM "students"[0m
  Rendered students/index.html.erb within layouts/application (0.9ms)
Completed 200 OK in 26ms (Views: 25.4ms | ActiveRecord: 0.1ms)


Started GET "/students/3/edit" for ::1 at 2020-03-15 21:22:16 -0400
Processing by StudentsController#edit as HTML
  Parameters: {"id"=>"3"}
  [1m[36mStudent Load (0.1ms)[0m  [1m[34mSELECT  "students".* FROM "students" WHERE "students"."id" = ? LIMIT ?[0m  [["id", 3], ["LIMIT", 1]]
  Rendering students/edit.html.erb within layouts/application
  Rendered students/edit.html.erb within layouts/application (2.8ms)
Completed 200 OK in 35ms (Views: 32.0ms | ActiveRecord: 0.1ms)


Started PATCH "/students/3" for ::1 at 2020-03-15 21:22:22 -0400
Processing by StudentsController#update as HTML
  Parameters: {"utf8"=>"✓", "authenticity_token"=>"OZk7CEFvWwCbijBf2VT87A8mtr7zby76HSw9GnyqZ6rzdbUPNSa3adPyhvbt6iBPgQ6ctOwIZgIRKlplqAo4pw==", "student"=>{"first_name"=>"happy", "last_name"=>"happy"}, "commit"=>"Update Student", "id"=>"3"}
  [1m[36mStudent Load (0.2ms)[0m  [1m[34mSELECT "students".* FROM "students"[0m
  [1m[35m (0.0ms)[0m  [1m[36mbegin transaction[0m
  [1m[35m (0.0ms)[0m  [1m[36mcommit transaction[0m
  [1m[35m (0.0ms)[0m  [1m[36mbegin transaction[0m
  [1m[35m (0.0ms)[0m  [1m[36mcommit transaction[0m
Redirected to http://localhost:3000/students/1%2F3
Completed 302 Found in 3ms (ActiveRecord: 0.3ms)


Started GET "/students/1%2F3" for ::1 at 2020-03-15 21:22:22 -0400
Processing by StudentsController#show as HTML
  Parameters: {"id"=>"1/3"}
  Rendering students/show.html.erb within layouts/application
  Rendered students/show.html.erb within layouts/application (0.5ms)
Completed 200 OK in 37ms (Views: 35.5ms | ActiveRecord: 0.0ms)


Started GET "/students" for ::1 at 2020-03-15 21:22:28 -0400
Processing by StudentsController#index as HTML
  Rendering students/index.html.erb within layouts/application
  [1m[36mStudent Load (0.1ms)[0m  [1m[34mSELECT "students".* FROM "students"[0m
  Rendered students/index.html.erb within layouts/application (1.3ms)
Completed 200 OK in 20ms (Views: 18.1ms | ActiveRecord: 0.1ms)


Started GET "/students" for ::1 at 2020-03-15 21:25:18 -0400
Processing by StudentsController#index as HTML
  Rendering students/index.html.erb within layouts/application
  [1m[36mStudent Load (0.2ms)[0m  [1m[34mSELECT "students".* FROM "students"[0m
  Rendered students/index.html.erb within layouts/application (11.6ms)
Completed 200 OK in 47ms (Views: 41.5ms | ActiveRecord: 0.7ms)


Started GET "/students/new" for ::1 at 2020-03-15 21:25:23 -0400
Processing by StudentsController#new as HTML
  Rendering students/new.html.erb within layouts/application
  Rendered students/new.html.erb within layouts/application (1.9ms)
Completed 200 OK in 48ms (Views: 45.5ms | ActiveRecord: 0.0ms)


Started POST "/students" for ::1 at 2020-03-15 21:25:28 -0400
Processing by StudentsController#create as HTML
  Parameters: {"utf8"=>"✓", "authenticity_token"=>"6i4JhdxNx32E2Pkii9Qk471UAJha0ehdaI+6WT5A/uUgwoeCqAQrFMygT4u/avhAM3wqkkW2oKVkid0m6uCh6A==", "student"=>{"first_name"=>"happy", "last_name"=>"happy"}, "commit"=>"Create Student"}
  [1m[35m (0.0ms)[0m  [1m[36mbegin transaction[0m
  [1m[35mSQL (4.6ms)[0m  [1m[32mINSERT INTO "students" ("first_name", "last_name", "created_at", "updated_at") VALUES (?, ?, ?, ?)[0m  [["first_name", "happy"], ["last_name", "happy"], ["created_at", "2020-03-16 01:25:28.847734"], ["updated_at", "2020-03-16 01:25:28.847734"]]
  [1m[35m (0.7ms)[0m  [1m[36mcommit transaction[0m
Redirected to http://localhost:3000/students/4
Completed 302 Found in 7ms (ActiveRecord: 5.4ms)


Started GET "/students/4" for ::1 at 2020-03-15 21:25:28 -0400
Processing by StudentsController#show as HTML
  Parameters: {"id"=>"4"}
  Rendering students/show.html.erb within layouts/application
  Rendered students/show.html.erb within layouts/application (0.3ms)
Completed 200 OK in 55ms (Views: 48.8ms | ActiveRecord: 0.0ms)


Started GET "/students" for ::1 at 2020-03-15 21:25:32 -0400
Processing by StudentsController#index as HTML
  Rendering students/index.html.erb within layouts/application
  [1m[36mStudent Load (0.2ms)[0m  [1m[34mSELECT "students".* FROM "students"[0m
  Rendered students/index.html.erb within layouts/application (1.8ms)
Completed 200 OK in 19ms (Views: 16.9ms | ActiveRecord: 0.2ms)


Started GET "/students" for ::1 at 2020-03-15 21:29:06 -0400
Processing by StudentsController#index as HTML
  Rendering students/index.html.erb within layouts/application
  [1m[36mStudent Load (0.2ms)[0m  [1m[34mSELECT "students".* FROM "students"[0m
  Rendered students/index.html.erb within layouts/application (2.0ms)
Completed 200 OK in 83ms (Views: 81.0ms | ActiveRecord: 0.2ms)


Started GET "/students/3/edit" for ::1 at 2020-03-15 21:29:09 -0400
Processing by StudentsController#edit as HTML
  Parameters: {"id"=>"3"}
  [1m[36mStudent Load (0.2ms)[0m  [1m[34mSELECT  "students".* FROM "students" WHERE "students"."id" = ? LIMIT ?[0m  [["id", 3], ["LIMIT", 1]]
  Rendering students/edit.html.erb within layouts/application
  Rendered students/edit.html.erb within layouts/application (2.3ms)
Completed 200 OK in 19ms (Views: 16.3ms | ActiveRecord: 0.2ms)


Started PATCH "/students/3" for ::1 at 2020-03-15 21:29:18 -0400
Processing by StudentsController#update as HTML
  Parameters: {"utf8"=>"✓", "authenticity_token"=>"0+BmO+buIduMgrDYVGEF7b4IkvUOvkcE+lJF4sijUHkZDOg8kqfNssT6BnFg39lOMCC4/xHZD/z2VCKdHAMPdA==", "student"=>{"first_name"=>"happ3", "last_name"=>"happ"}, "commit"=>"Update Student", "id"=>"3"}
  [1m[36mStudent Load (0.7ms)[0m  [1m[34mSELECT "students".* FROM "students"[0m
  [1m[35m (0.1ms)[0m  [1m[36mbegin transaction[0m
  [1m[35mSQL (0.4ms)[0m  [1m[33mUPDATE "students" SET "first_name" = ?, "last_name" = ?, "updated_at" = ? WHERE "students"."id" = ?[0m  [["first_name", "happ3"], ["last_name", "happ"], ["updated_at", "2020-03-16 01:29:18.400240"], ["id", 1]]
  [1m[35m (2.8ms)[0m  [1m[36mcommit transaction[0m
  [1m[35m (0.0ms)[0m  [1m[36mbegin transaction[0m
  [1m[35mSQL (0.4ms)[0m  [1m[33mUPDATE "students" SET "first_name" = ?, "last_name" = ?, "updated_at" = ? WHERE "students"."id" = ?[0m  [["first_name", "happ3"], ["last_name", "happ"], ["updated_at", "2020-03-16 01:29:18.405212"], ["id", 3]]
  [1m[35m (1.6ms)[0m  [1m[36mcommit transaction[0m
  [1m[35m (0.1ms)[0m  [1m[36mbegin transaction[0m
  [1m[35mSQL (0.4ms)[0m  [1m[33mUPDATE "students" SET "first_name" = ?, "last_name" = ?, "updated_at" = ? WHERE "students"."id" = ?[0m  [["first_name", "happ3"], ["last_name", "happ"], ["updated_at", "2020-03-16 01:29:18.414994"], ["id", 4]]
  [1m[35m (0.8ms)[0m  [1m[36mcommit transaction[0m
Redirected to http://localhost:3000/students/1%2F3%2F4
Completed 302 Found in 20ms (ActiveRecord: 7.3ms)


Started GET "/students/1%2F3%2F4" for ::1 at 2020-03-15 21:29:18 -0400
Processing by StudentsController#show as HTML
  Parameters: {"id"=>"1/3/4"}
  Rendering students/show.html.erb within layouts/application
  Rendered students/show.html.erb within layouts/application (0.7ms)
Completed 200 OK in 37ms (Views: 35.7ms | ActiveRecord: 0.0ms)


Started GET "/students" for ::1 at 2020-03-15 21:30:22 -0400
Processing by StudentsController#index as HTML
  Rendering students/index.html.erb within layouts/application
  [1m[36mStudent Load (0.2ms)[0m  [1m[34mSELECT "students".* FROM "students"[0m
  Rendered students/index.html.erb within layouts/application (1.4ms)
Completed 200 OK in 22ms (Views: 20.1ms | ActiveRecord: 0.2ms)


Started GET "/students" for ::1 at 2020-03-15 21:31:02 -0400
Processing by StudentsController#index as HTML
  Rendering students/index.html.erb within layouts/application
  [1m[36mStudent Load (0.1ms)[0m  [1m[34mSELECT "students".* FROM "students"[0m
  Rendered students/index.html.erb within layouts/application (1.5ms)
Completed 200 OK in 17ms (Views: 16.1ms | ActiveRecord: 0.1ms)


Started GET "/students/4/edit" for ::1 at 2020-03-15 21:31:22 -0400
Processing by StudentsController#edit as HTML
  Parameters: {"id"=>"4"}
  [1m[36mStudent Load (0.1ms)[0m  [1m[34mSELECT  "students".* FROM "students" WHERE "students"."id" = ? LIMIT ?[0m  [["id", 4], ["LIMIT", 1]]
  Rendering students/edit.html.erb within layouts/application
  Rendered students/edit.html.erb within layouts/application (1.3ms)
Completed 200 OK in 23ms (Views: 21.3ms | ActiveRecord: 0.1ms)


Started PATCH "/students/4" for ::1 at 2020-03-15 21:31:26 -0400
Processing by StudentsController#update as HTML
  Parameters: {"utf8"=>"✓", "authenticity_token"=>"8k9GO5Ya8V99KLDdJuG0yWaQKayZp9LBIQE9m/Su5VI4o8g84lMdNjVQBnQSX2hq6LgDpobAmjktB1rkIA66Xw==", "student"=>{"first_name"=>"test", "last_name"=>"happ"}, "commit"=>"Update Student", "id"=>"4"}
  [1m[36mStudent Load (0.2ms)[0m  [1m[34mSELECT "students".* FROM "students"[0m
  [1m[35m (0.1ms)[0m  [1m[36mbegin transaction[0m
  [1m[35mSQL (0.4ms)[0m  [1m[33mUPDATE "students" SET "first_name" = ?, "updated_at" = ? WHERE "students"."id" = ?[0m  [["first_name", "test"], ["updated_at", "2020-03-16 01:31:26.487879"], ["id", 1]]
  [1m[35m (2.4ms)[0m  [1m[36mcommit transaction[0m
  [1m[35m (0.0ms)[0m  [1m[36mbegin transaction[0m
  [1m[35mSQL (0.4ms)[0m  [1m[33mUPDATE "students" SET "first_name" = ?, "updated_at" = ? WHERE "students"."id" = ?[0m  [["first_name", "test"], ["updated_at", "2020-03-16 01:31:26.491998"], ["id", 3]]
  [1m[35m (1.7ms)[0m  [1m[36mcommit transaction[0m
  [1m[35m (0.1ms)[0m  [1m[36mbegin transaction[0m
  [1m[35mSQL (0.4ms)[0m  [1m[33mUPDATE "students" SET "first_name" = ?, "updated_at" = ? WHERE "students"."id" = ?[0m  [["first_name", "test"], ["updated_at", "2020-03-16 01:31:26.495724"], ["id", 4]]
  [1m[35m (2.0ms)[0m  [1m[36mcommit transaction[0m
Redirected to http://localhost:3000/students/1%2F3%2F4
Completed 302 Found in 15ms (ActiveRecord: 7.4ms)


Started GET "/students/1%2F3%2F4" for ::1 at 2020-03-15 21:31:26 -0400
Processing by StudentsController#show as HTML
  Parameters: {"id"=>"1/3/4"}
  Rendering students/show.html.erb within layouts/application
  Rendered students/show.html.erb within layouts/application (0.3ms)
Completed 200 OK in 17ms (Views: 16.0ms | ActiveRecord: 0.0ms)


Started GET "/students" for ::1 at 2020-03-15 21:31:32 -0400
Processing by StudentsController#index as HTML
  Rendering students/index.html.erb within layouts/application
  [1m[36mStudent Load (0.3ms)[0m  [1m[34mSELECT "students".* FROM "students"[0m
  Rendered students/index.html.erb within layouts/application (2.0ms)
Completed 200 OK in 19ms (Views: 17.5ms | ActiveRecord: 0.3ms)


Started GET "/students" for ::1 at 2020-03-15 21:32:54 -0400
Processing by StudentsController#index as HTML
  Rendering students/index.html.erb within layouts/application
  [1m[36mStudent Load (0.2ms)[0m  [1m[34mSELECT "students".* FROM "students"[0m
  Rendered students/index.html.erb within layouts/application (4.5ms)
Completed 200 OK in 44ms (Views: 41.5ms | ActiveRecord: 0.5ms)


Started GET "/students/1/edit" for ::1 at 2020-03-15 21:33:04 -0400
Processing by StudentsController#edit as HTML
  Parameters: {"id"=>"1"}
  [1m[36mStudent Load (0.2ms)[0m  [1m[34mSELECT  "students".* FROM "students" WHERE "students"."id" = ? LIMIT ?[0m  [["id", 1], ["LIMIT", 1]]
  Rendering students/edit.html.erb within layouts/application
  Rendered students/edit.html.erb within layouts/application (2.7ms)
Completed 200 OK in 24ms (Views: 21.2ms | ActiveRecord: 0.2ms)


Started PATCH "/students/1" for ::1 at 2020-03-15 21:33:11 -0400
Processing by StudentsController#update as HTML
  Parameters: {"utf8"=>"✓", "authenticity_token"=>"diVioIDS/toGh21zbgDlhwM2ZAOEC9Wv+cDG2YWjTPa8yeyn9JsSs07/29pavjkkjR5OCZtsnVf1xqGmUQMT+w==", "student"=>{"first_name"=>"1000", "last_name"=>"1"}, "commit"=>"Update Student", "id"=>"1"}
  [1m[36mStudent Load (0.2ms)[0m  [1m[34mSELECT  "students".* FROM "students" WHERE "students"."id" = ? LIMIT ?[0m  [["id", 1], ["LIMIT", 1]]
  [1m[36mStudent Load (0.1ms)[0m  [1m[34mSELECT "students".* FROM "students"[0m
  [1m[35m (0.0ms)[0m  [1m[36mbegin transaction[0m
  [1m[35mSQL (4.5ms)[0m  [1m[33mUPDATE "students" SET "first_name" = ?, "last_name" = ?, "updated_at" = ? WHERE "students"."id" = ?[0m  [["first_name", "1000"], ["last_name", "1"], ["updated_at", "2020-03-16 01:33:11.499044"], ["id", 1]]
  [1m[35m (1.5ms)[0m  [1m[36mcommit transaction[0m
  [1m[35m (0.1ms)[0m  [1m[36mbegin transaction[0m
  [1m[35mSQL (0.7ms)[0m  [1m[33mUPDATE "students" SET "first_name" = ?, "last_name" = ?, "updated_at" = ? WHERE "students"."id" = ?[0m  [["first_name", "1000"], ["last_name", "1"], ["updated_at", "2020-03-16 01:33:11.506714"], ["id", 3]]
  [1m[35m (2.4ms)[0m  [1m[36mcommit transaction[0m
  [1m[35m (0.0ms)[0m  [1m[36mbegin transaction[0m
  [1m[35mSQL (0.5ms)[0m  [1m[33mUPDATE "students" SET "first_name" = ?, "last_name" = ?, "updated_at" = ? WHERE "students"."id" = ?[0m  [["first_name", "1000"], ["last_name", "1"], ["updated_at", "2020-03-16 01:33:11.511673"], ["id", 4]]
  [1m[35m (0.9ms)[0m  [1m[36mcommit transaction[0m
Redirected to http://localhost:3000/students/1%2F3%2F4
Completed 302 Found in 19ms (ActiveRecord: 11.0ms)


Started GET "/students/1%2F3%2F4" for ::1 at 2020-03-15 21:33:11 -0400
Processing by StudentsController#show as HTML
  Parameters: {"id"=>"1/3/4"}
  Rendering students/show.html.erb within layouts/application
  Rendered students/show.html.erb within layouts/application (0.9ms)
Completed 200 OK in 18ms (Views: 16.5ms | ActiveRecord: 0.0ms)


Started GET "/students" for ::1 at 2020-03-15 21:33:15 -0400
Processing by StudentsController#index as HTML
  Rendering students/index.html.erb within layouts/application
  [1m[36mStudent Load (0.1ms)[0m  [1m[34mSELECT "students".* FROM "students"[0m
  Rendered students/index.html.erb within layouts/application (1.0ms)
Completed 200 OK in 20ms (Views: 18.9ms | ActiveRecord: 0.1ms)


Started GET "/students" for ::1 at 2020-03-15 21:33:26 -0400
Processing by StudentsController#index as HTML
  Rendering students/index.html.erb within layouts/application
  [1m[36mStudent Load (0.3ms)[0m  [1m[34mSELECT "students".* FROM "students"[0m
  Rendered students/index.html.erb within layouts/application (9.0ms)
Completed 200 OK in 34ms (Views: 30.5ms | ActiveRecord: 0.7ms)


Started GET "/students" for ::1 at 2020-03-15 21:33:45 -0400
Processing by StudentsController#index as HTML
  Rendering students/index.html.erb within layouts/application
  [1m[36mStudent Load (0.1ms)[0m  [1m[34mSELECT "students".* FROM "students"[0m
  Rendered students/index.html.erb within layouts/application (1.3ms)
Completed 200 OK in 33ms (Views: 31.4ms | ActiveRecord: 0.1ms)


Started GET "/students" for ::1 at 2020-03-15 21:34:17 -0400
Processing by StudentsController#index as HTML
  Rendering students/index.html.erb within layouts/application
  [1m[36mStudent Load (0.2ms)[0m  [1m[34mSELECT "students".* FROM "students"[0m
  Rendered students/index.html.erb within layouts/application (1.4ms)
Completed 200 OK in 28ms (Views: 26.7ms | ActiveRecord: 0.2ms)


Started GET "/students/4/new" for ::1 at 2020-03-15 21:34:25 -0400
  
ActionController::RoutingError (No route matches [GET] "/students/4/new"):
  
actionpack (5.0.7.1) lib/action_dispatch/middleware/debug_exceptions.rb:53:in `call'
actionpack (5.0.7.1) lib/action_dispatch/middleware/show_exceptions.rb:31:in `call'
railties (5.0.7.1) lib/rails/rack/logger.rb:36:in `call_app'
railties (5.0.7.1) lib/rails/rack/logger.rb:24:in `block in call'
activesupport (5.0.7.1) lib/active_support/tagged_logging.rb:69:in `block in tagged'
activesupport (5.0.7.1) lib/active_support/tagged_logging.rb:26:in `tagged'
activesupport (5.0.7.1) lib/active_support/tagged_logging.rb:69:in `tagged'
railties (5.0.7.1) lib/rails/rack/logger.rb:24:in `call'
sprockets-rails (3.2.1) lib/sprockets/rails/quiet_assets.rb:13:in `call'
actionpack (5.0.7.1) lib/action_dispatch/middleware/request_id.rb:24:in `call'
rack (2.0.8) lib/rack/method_override.rb:22:in `call'
rack (2.0.8) lib/rack/runtime.rb:22:in `call'
activesupport (5.0.7.1) lib/active_support/cache/strategy/local_cache_middleware.rb:28:in `call'
actionpack (5.0.7.1) lib/action_dispatch/middleware/executor.rb:12:in `call'
actionpack (5.0.7.1) lib/action_dispatch/middleware/static.rb:136:in `call'
rack (2.0.8) lib/rack/sendfile.rb:111:in `call'
railties (5.0.7.1) lib/rails/engine.rb:522:in `call'
rack (2.0.8) lib/rack/handler/webrick.rb:86:in `service'
/Users/spencerblum/.rvm/rubies/ruby-2.6.1/lib/ruby/2.6.0/webrick/httpserver.rb:140:in `service'
/Users/spencerblum/.rvm/rubies/ruby-2.6.1/lib/ruby/2.6.0/webrick/httpserver.rb:96:in `run'
/Users/spencerblum/.rvm/rubies/ruby-2.6.1/lib/ruby/2.6.0/webrick/server.rb:307:in `block in start_thread'
  Rendering /Users/spencerblum/.rvm/gems/ruby-2.6.1/gems/actionpack-5.0.7.1/lib/action_dispatch/middleware/templates/rescues/routing_error.html.erb within rescues/layout
  Rendering /Users/spencerblum/.rvm/gems/ruby-2.6.1/gems/actionpack-5.0.7.1/lib/action_dispatch/middleware/templates/rescues/_trace.html.erb
  Rendered /Users/spencerblum/.rvm/gems/ruby-2.6.1/gems/actionpack-5.0.7.1/lib/action_dispatch/middleware/templates/rescues/_trace.html.erb (1.0ms)
  Rendered collection of /Users/spencerblum/.rvm/gems/ruby-2.6.1/gems/actionpack-5.0.7.1/lib/action_dispatch/middleware/templates/routes/_route.html.erb [16 times] (9.5ms)
  Rendered /Users/spencerblum/.rvm/gems/ruby-2.6.1/gems/actionpack-5.0.7.1/lib/action_dispatch/middleware/templates/routes/_table.html.erb (1.0ms)
  Rendering /Users/spencerblum/.rvm/gems/ruby-2.6.1/gems/actionpack-5.0.7.1/lib/action_dispatch/middleware/templates/rescues/_request_and_response.html.erb
  Rendered /Users/spencerblum/.rvm/gems/ruby-2.6.1/gems/actionpack-5.0.7.1/lib/action_dispatch/middleware/templates/rescues/_request_and_response.html.erb (0.8ms)
  Rendered /Users/spencerblum/.rvm/gems/ruby-2.6.1/gems/actionpack-5.0.7.1/lib/action_dispatch/middleware/templates/rescues/routing_error.html.erb within rescues/layout (72.2ms)
Started GET "/students/4/edit" for ::1 at 2020-03-15 21:34:31 -0400
Processing by StudentsController#edit as HTML
  Parameters: {"id"=>"4"}
  [1m[36mStudent Load (0.1ms)[0m  [1m[34mSELECT  "students".* FROM "students" WHERE "students"."id" = ? LIMIT ?[0m  [["id", 4], ["LIMIT", 1]]
  Rendering students/edit.html.erb within layouts/application
  Rendered students/edit.html.erb within layouts/application (1.3ms)
Completed 200 OK in 20ms (Views: 18.5ms | ActiveRecord: 0.1ms)


Started PATCH "/students/4" for ::1 at 2020-03-15 21:34:37 -0400
Processing by StudentsController#update as HTML
  Parameters: {"utf8"=>"✓", "authenticity_token"=>"2p/sx+Hy+ngfY82nobt/6hr30S0ZaDLuj6ItaYTCYhQQc2LAlbsWEVcbew6VBaNJlN/7JwYPehaDpEoWUGI9GQ==", "student"=>{"first_name"=>"test", "last_name"=>"1121"}, "commit"=>"Update Student", "id"=>"4"}
  [1m[36mStudent Load (0.1ms)[0m  [1m[34mSELECT  "students".* FROM "students" WHERE "students"."id" = ? LIMIT ?[0m  [["id", 4], ["LIMIT", 1]]
  [1m[36mStudent Load (0.2ms)[0m  [1m[34mSELECT "students".* FROM "students"[0m
  [1m[35m (0.0ms)[0m  [1m[36mbegin transaction[0m
  [1m[35mSQL (0.6ms)[0m  [1m[33mUPDATE "students" SET "first_name" = ?, "last_name" = ?, "updated_at" = ? WHERE "students"."id" = ?[0m  [["first_name", "test"], ["last_name", "1121"], ["updated_at", "2020-03-16 01:34:37.019949"], ["id", 1]]
  [1m[35m (1.8ms)[0m  [1m[36mcommit transaction[0m
  [1m[35m (0.0ms)[0m  [1m[36mbegin transaction[0m
  [1m[35mSQL (0.4ms)[0m  [1m[33mUPDATE "students" SET "first_name" = ?, "last_name" = ?, "updated_at" = ? WHERE "students"."id" = ?[0m  [["first_name", "test"], ["last_name", "1121"], ["updated_at", "2020-03-16 01:34:37.024043"], ["id", 3]]
  [1m[35m (2.5ms)[0m  [1m[36mcommit transaction[0m
  [1m[35m (0.1ms)[0m  [1m[36mbegin transaction[0m
  [1m[35mSQL (0.5ms)[0m  [1m[33mUPDATE "students" SET "first_name" = ?, "last_name" = ?, "updated_at" = ? WHERE "students"."id" = ?[0m  [["first_name", "test"], ["last_name", "1121"], ["updated_at", "2020-03-16 01:34:37.034496"], ["id", 4]]
  [1m[35m (1.8ms)[0m  [1m[36mcommit transaction[0m
Redirected to http://localhost:3000/students/1%2F3%2F4
Completed 302 Found in 21ms (ActiveRecord: 7.9ms)


Started GET "/students/1%2F3%2F4" for ::1 at 2020-03-15 21:34:37 -0400
Processing by StudentsController#show as HTML
  Parameters: {"id"=>"1/3/4"}
  Rendering students/show.html.erb within layouts/application
  Rendered students/show.html.erb within layouts/application (0.4ms)
Completed 200 OK in 19ms (Views: 15.0ms | ActiveRecord: 0.0ms)


Started GET "/students" for ::1 at 2020-03-15 21:34:40 -0400
Processing by StudentsController#index as HTML
  Rendering students/index.html.erb within layouts/application
  [1m[36mStudent Load (0.2ms)[0m  [1m[34mSELECT "students".* FROM "students"[0m
  Rendered students/index.html.erb within layouts/application (1.6ms)
Completed 200 OK in 46ms (Views: 44.7ms | ActiveRecord: 0.2ms)


Started GET "/students" for ::1 at 2020-03-15 21:41:28 -0400
Processing by StudentsController#index as HTML
  Rendering students/index.html.erb within layouts/application
  [1m[36mStudent Load (0.9ms)[0m  [1m[34mSELECT "students".* FROM "students"[0m
  Rendered students/index.html.erb within layouts/application (18.4ms)
Completed 200 OK in 77ms (Views: 69.2ms | ActiveRecord: 0.9ms)


Started GET "/students/3/edit" for ::1 at 2020-03-15 21:42:53 -0400
Processing by StudentsController#edit as HTML
  Parameters: {"id"=>"3"}
  [1m[36mStudent Load (0.2ms)[0m  [1m[34mSELECT  "students".* FROM "students" WHERE "students"."id" = ? LIMIT ?[0m  [["id", 3], ["LIMIT", 1]]
  Rendering students/edit.html.erb within layouts/application
  Rendered students/edit.html.erb within layouts/application (6.4ms)
Completed 200 OK in 32ms (Views: 26.7ms | ActiveRecord: 0.2ms)


Started GET "/students" for ::1 at 2020-03-15 21:46:53 -0400
Processing by StudentsController#index as HTML
  Rendering students/index.html.erb within layouts/application
  [1m[36mStudent Load (0.8ms)[0m  [1m[34mSELECT "students".* FROM "students"[0m
  Rendered students/index.html.erb within layouts/application (12.3ms)
Completed 200 OK in 55ms (Views: 48.4ms | ActiveRecord: 1.8ms)


Started GET "/students/3/edit" for ::1 at 2020-03-15 21:46:58 -0400
Processing by StudentsController#edit as HTML
  Parameters: {"id"=>"3"}
  [1m[36mStudent Load (0.2ms)[0m  [1m[34mSELECT  "students".* FROM "students" WHERE "students"."id" = ? LIMIT ?[0m  [["id", 3], ["LIMIT", 1]]
  Rendering students/edit.html.erb within layouts/application
  Rendered students/edit.html.erb within layouts/application (2.9ms)
Completed 200 OK in 25ms (Views: 21.8ms | ActiveRecord: 0.2ms)


Started PATCH "/students/3" for ::1 at 2020-03-15 21:47:04 -0400
Processing by StudentsController#update as HTML
  Parameters: {"utf8"=>"✓", "authenticity_token"=>"OjdtXGOlZfP//abWjZ8gIVQHR3FUhEx0tdRDHZerfXjw2+NbF+yJmreFEH+5IfyC2i9te0vjBIy50iRiQwsidQ==", "student"=>{"first_name"=>"42", "last_name"=>"23"}, "commit"=>"Update Student", "id"=>"3"}
  [1m[36mStudent Load (2.0ms)[0m  [1m[34mSELECT  "students".* FROM "students" WHERE "students"."id" = ? LIMIT ?[0m  [["id", 3], ["LIMIT", 1]]
  [1m[35m (0.1ms)[0m  [1m[36mbegin transaction[0m
  [1m[35mSQL (0.9ms)[0m  [1m[33mUPDATE "students" SET "first_name" = ?, "last_name" = ?, "updated_at" = ? WHERE "students"."id" = ?[0m  [["first_name", "42"], ["last_name", "23"], ["updated_at", "2020-03-16 01:47:04.668753"], ["id", 3]]
  [1m[35m (1.1ms)[0m  [1m[36mcommit transaction[0m
Redirected to http://localhost:3000/students/3
Completed 302 Found in 9ms (ActiveRecord: 4.1ms)


Started GET "/students/3" for ::1 at 2020-03-15 21:47:04 -0400
Processing by StudentsController#show as HTML
  Parameters: {"id"=>"3"}
  Rendering students/show.html.erb within layouts/application
  Rendered students/show.html.erb within layouts/application (3.2ms)
Completed 200 OK in 32ms (Views: 27.8ms | ActiveRecord: 0.0ms)


Started GET "/students" for ::1 at 2020-03-15 21:47:07 -0400
Processing by StudentsController#index as HTML
  Rendering students/index.html.erb within layouts/application
  [1m[36mStudent Load (0.2ms)[0m  [1m[34mSELECT "students".* FROM "students"[0m
  Rendered students/index.html.erb within layouts/application (2.3ms)
Completed 200 OK in 24ms (Views: 22.7ms | ActiveRecord: 0.2ms)


Started PATCH "/students/3" for ::1 at 2020-03-15 23:24:46 -0400
Processing by StudentsController#update as HTML
  Parameters: {"utf8"=>"✓", "authenticity_token"=>"sszHZ6HNySMirbRSMoYcfQmJBOO2MYnjBY2Ocxx9PeN4IElg1YQlSmrVAvsGOMDeh6Eu6alWwRsJi+kMyN1i7g==", "student"=>{"first_name"=>"Elena ", "last_name"=>"goldstein"}, "commit"=>"Update Student", "id"=>"3"}
  [1m[36mStudent Load (0.6ms)[0m  [1m[34mSELECT  "students".* FROM "students" WHERE "students"."id" = ? LIMIT ?[0m  [["id", 3], ["LIMIT", 1]]
  [1m[35m (0.3ms)[0m  [1m[36mbegin transaction[0m
  [1m[35mSQL (0.7ms)[0m  [1m[33mUPDATE "students" SET "first_name" = ?, "last_name" = ?, "updated_at" = ? WHERE "students"."id" = ?[0m  [["first_name", "Elena "], ["last_name", "goldstein"], ["updated_at", "2020-03-16 03:24:46.108983"], ["id", 3]]
  [1m[35m (1.1ms)[0m  [1m[36mcommit transaction[0m
Redirected to http://localhost:3000/students/3
Completed 302 Found in 31ms (ActiveRecord: 2.7ms)


Started GET "/students/3" for ::1 at 2020-03-15 23:24:46 -0400
Processing by StudentsController#show as HTML
  Parameters: {"id"=>"3"}
  Rendering students/show.html.erb within layouts/application
  Rendered students/show.html.erb within layouts/application (3.1ms)
Completed 200 OK in 48ms (Views: 45.1ms | ActiveRecord: 0.0ms)


Started GET "/students" for ::1 at 2020-03-15 23:25:05 -0400
Processing by StudentsController#index as HTML
  Rendering students/index.html.erb within layouts/application
  [1m[36mStudent Load (0.2ms)[0m  [1m[34mSELECT "students".* FROM "students"[0m
  Rendered students/index.html.erb within layouts/application (2.2ms)
Completed 200 OK in 25ms (Views: 22.0ms | ActiveRecord: 0.2ms)


Started GET "/" for ::1 at 2020-03-16 14:44:13 -0400
Processing by Rails::WelcomeController#index as HTML
  Parameters: {"internal"=>true}
  Rendering /Users/spencerblum/.rvm/gems/ruby-2.6.1/gems/railties-5.0.7.1/lib/rails/templates/rails/welcome/index.html.erb
  Rendered /Users/spencerblum/.rvm/gems/ruby-2.6.1/gems/railties-5.0.7.1/lib/rails/templates/rails/welcome/index.html.erb (11.2ms)
Completed 200 OK in 58ms (Views: 15.8ms | ActiveRecord: 0.0ms)


Started GET "/rails/routes" for ::1 at 2020-03-16 14:44:23 -0400
  
ActionController::RoutingError (No route matches [GET] "/rails/routes"):
  
actionpack (5.0.7.1) lib/action_dispatch/middleware/debug_exceptions.rb:53:in `call'
actionpack (5.0.7.1) lib/action_dispatch/middleware/show_exceptions.rb:31:in `call'
railties (5.0.7.1) lib/rails/rack/logger.rb:36:in `call_app'
railties (5.0.7.1) lib/rails/rack/logger.rb:24:in `block in call'
activesupport (5.0.7.1) lib/active_support/tagged_logging.rb:69:in `block in tagged'
activesupport (5.0.7.1) lib/active_support/tagged_logging.rb:26:in `tagged'
activesupport (5.0.7.1) lib/active_support/tagged_logging.rb:69:in `tagged'
railties (5.0.7.1) lib/rails/rack/logger.rb:24:in `call'
sprockets-rails (3.2.1) lib/sprockets/rails/quiet_assets.rb:13:in `call'
actionpack (5.0.7.1) lib/action_dispatch/middleware/request_id.rb:24:in `call'
rack (2.0.8) lib/rack/method_override.rb:22:in `call'
rack (2.0.8) lib/rack/runtime.rb:22:in `call'
activesupport (5.0.7.1) lib/active_support/cache/strategy/local_cache_middleware.rb:28:in `call'
actionpack (5.0.7.1) lib/action_dispatch/middleware/executor.rb:12:in `call'
actionpack (5.0.7.1) lib/action_dispatch/middleware/static.rb:136:in `call'
rack (2.0.8) lib/rack/sendfile.rb:111:in `call'
railties (5.0.7.1) lib/rails/engine.rb:522:in `call'
rack (2.0.8) lib/rack/handler/webrick.rb:86:in `service'
/Users/spencerblum/.rvm/rubies/ruby-2.6.1/lib/ruby/2.6.0/webrick/httpserver.rb:140:in `service'
/Users/spencerblum/.rvm/rubies/ruby-2.6.1/lib/ruby/2.6.0/webrick/httpserver.rb:96:in `run'
/Users/spencerblum/.rvm/rubies/ruby-2.6.1/lib/ruby/2.6.0/webrick/server.rb:307:in `block in start_thread'
  Rendering /Users/spencerblum/.rvm/gems/ruby-2.6.1/gems/actionpack-5.0.7.1/lib/action_dispatch/middleware/templates/rescues/routing_error.html.erb within rescues/layout
  Rendering /Users/spencerblum/.rvm/gems/ruby-2.6.1/gems/actionpack-5.0.7.1/lib/action_dispatch/middleware/templates/rescues/_trace.html.erb
  Rendered /Users/spencerblum/.rvm/gems/ruby-2.6.1/gems/actionpack-5.0.7.1/lib/action_dispatch/middleware/templates/rescues/_trace.html.erb (9.5ms)
  Rendered collection of /Users/spencerblum/.rvm/gems/ruby-2.6.1/gems/actionpack-5.0.7.1/lib/action_dispatch/middleware/templates/routes/_route.html.erb [16 times] (46.1ms)
  Rendered /Users/spencerblum/.rvm/gems/ruby-2.6.1/gems/actionpack-5.0.7.1/lib/action_dispatch/middleware/templates/routes/_table.html.erb (4.1ms)
  Rendering /Users/spencerblum/.rvm/gems/ruby-2.6.1/gems/actionpack-5.0.7.1/lib/action_dispatch/middleware/templates/rescues/_request_and_response.html.erb
  Rendered /Users/spencerblum/.rvm/gems/ruby-2.6.1/gems/actionpack-5.0.7.1/lib/action_dispatch/middleware/templates/rescues/_request_and_response.html.erb (4.1ms)
  Rendered /Users/spencerblum/.rvm/gems/ruby-2.6.1/gems/actionpack-5.0.7.1/lib/action_dispatch/middleware/templates/rescues/routing_error.html.erb within rescues/layout (105.6ms)
Started GET "/rail" for ::1 at 2020-03-16 14:44:41 -0400
  
ActionController::RoutingError (No route matches [GET] "/rail"):
  
actionpack (5.0.7.1) lib/action_dispatch/middleware/debug_exceptions.rb:53:in `call'
actionpack (5.0.7.1) lib/action_dispatch/middleware/show_exceptions.rb:31:in `call'
railties (5.0.7.1) lib/rails/rack/logger.rb:36:in `call_app'
railties (5.0.7.1) lib/rails/rack/logger.rb:24:in `block in call'
activesupport (5.0.7.1) lib/active_support/tagged_logging.rb:69:in `block in tagged'
activesupport (5.0.7.1) lib/active_support/tagged_logging.rb:26:in `tagged'
activesupport (5.0.7.1) lib/active_support/tagged_logging.rb:69:in `tagged'
railties (5.0.7.1) lib/rails/rack/logger.rb:24:in `call'
sprockets-rails (3.2.1) lib/sprockets/rails/quiet_assets.rb:13:in `call'
actionpack (5.0.7.1) lib/action_dispatch/middleware/request_id.rb:24:in `call'
rack (2.0.8) lib/rack/method_override.rb:22:in `call'
rack (2.0.8) lib/rack/runtime.rb:22:in `call'
activesupport (5.0.7.1) lib/active_support/cache/strategy/local_cache_middleware.rb:28:in `call'
actionpack (5.0.7.1) lib/action_dispatch/middleware/executor.rb:12:in `call'
actionpack (5.0.7.1) lib/action_dispatch/middleware/static.rb:136:in `call'
rack (2.0.8) lib/rack/sendfile.rb:111:in `call'
railties (5.0.7.1) lib/rails/engine.rb:522:in `call'
rack (2.0.8) lib/rack/handler/webrick.rb:86:in `service'
/Users/spencerblum/.rvm/rubies/ruby-2.6.1/lib/ruby/2.6.0/webrick/httpserver.rb:140:in `service'
/Users/spencerblum/.rvm/rubies/ruby-2.6.1/lib/ruby/2.6.0/webrick/httpserver.rb:96:in `run'
/Users/spencerblum/.rvm/rubies/ruby-2.6.1/lib/ruby/2.6.0/webrick/server.rb:307:in `block in start_thread'
  Rendering /Users/spencerblum/.rvm/gems/ruby-2.6.1/gems/actionpack-5.0.7.1/lib/action_dispatch/middleware/templates/rescues/routing_error.html.erb within rescues/layout
  Rendering /Users/spencerblum/.rvm/gems/ruby-2.6.1/gems/actionpack-5.0.7.1/lib/action_dispatch/middleware/templates/rescues/_trace.html.erb
  Rendered /Users/spencerblum/.rvm/gems/ruby-2.6.1/gems/actionpack-5.0.7.1/lib/action_dispatch/middleware/templates/rescues/_trace.html.erb (1.5ms)
  Rendered collection of /Users/spencerblum/.rvm/gems/ruby-2.6.1/gems/actionpack-5.0.7.1/lib/action_dispatch/middleware/templates/routes/_route.html.erb [16 times] (14.7ms)
  Rendered /Users/spencerblum/.rvm/gems/ruby-2.6.1/gems/actionpack-5.0.7.1/lib/action_dispatch/middleware/templates/routes/_table.html.erb (2.5ms)
  Rendering /Users/spencerblum/.rvm/gems/ruby-2.6.1/gems/actionpack-5.0.7.1/lib/action_dispatch/middleware/templates/rescues/_request_and_response.html.erb
  Rendered /Users/spencerblum/.rvm/gems/ruby-2.6.1/gems/actionpack-5.0.7.1/lib/action_dispatch/middleware/templates/rescues/_request_and_response.html.erb (1.1ms)
  Rendered /Users/spencerblum/.rvm/gems/ruby-2.6.1/gems/actionpack-5.0.7.1/lib/action_dispatch/middleware/templates/rescues/routing_error.html.erb within rescues/layout (42.4ms)
Started GET "/students" for ::1 at 2020-03-16 14:44:51 -0400
Processing by StudentsController#index as HTML
  Rendering students/index.html.erb within layouts/application
  [1m[36mStudent Load (0.4ms)[0m  [1m[34mSELECT "students".* FROM "students"[0m
  Rendered students/index.html.erb within layouts/application (18.2ms)
Completed 200 OK in 97ms (Views: 87.0ms | ActiveRecord: 1.0ms)


Started GET "/school_classes" for ::1 at 2020-03-16 15:18:36 -0400
Processing by SchoolClassesController#index as HTML
  Rendering school_classes/index.html.erb within layouts/application
  Rendered school_classes/index.html.erb within layouts/application (1.2ms)
Completed 200 OK in 42ms (Views: 39.1ms | ActiveRecord: 0.0ms)


Started GET "/school_classes/new" for ::1 at 2020-03-16 15:18:40 -0400
Processing by SchoolClassesController#new as HTML
  Rendering school_classes/new.html.erb within layouts/application
  Rendered school_classes/new.html.erb within layouts/application (5.0ms)
Completed 500 Internal Server Error in 10ms (ActiveRecord: 0.0ms)


  
ActionView::Template::Error (First argument in form cannot contain nil or be empty):
    1: 
    2: Student Form
    3: <%= form_for(@school_class) do |f| %>
    4:   <label>Student first name:</label><br>
    5:   <%= f.text_field :title %><br>
    6: 
  
app/views/school_classes/new.html.erb:3:in `_app_views_school_classes_new_html_erb__4151791775308491549_70177847343920'
  Rendering /Users/spencerblum/.rvm/gems/ruby-2.6.1/gems/actionpack-5.0.7.1/lib/action_dispatch/middleware/templates/rescues/template_error.html.erb within rescues/layout
  Rendering /Users/spencerblum/.rvm/gems/ruby-2.6.1/gems/actionpack-5.0.7.1/lib/action_dispatch/middleware/templates/rescues/_source.html.erb
  Rendered /Users/spencerblum/.rvm/gems/ruby-2.6.1/gems/actionpack-5.0.7.1/lib/action_dispatch/middleware/templates/rescues/_source.html.erb (8.5ms)
  Rendering /Users/spencerblum/.rvm/gems/ruby-2.6.1/gems/actionpack-5.0.7.1/lib/action_dispatch/middleware/templates/rescues/_trace.html.erb
  Rendered /Users/spencerblum/.rvm/gems/ruby-2.6.1/gems/actionpack-5.0.7.1/lib/action_dispatch/middleware/templates/rescues/_trace.html.erb (4.0ms)
  Rendering /Users/spencerblum/.rvm/gems/ruby-2.6.1/gems/actionpack-5.0.7.1/lib/action_dispatch/middleware/templates/rescues/_request_and_response.html.erb
  Rendered /Users/spencerblum/.rvm/gems/ruby-2.6.1/gems/actionpack-5.0.7.1/lib/action_dispatch/middleware/templates/rescues/_request_and_response.html.erb (0.9ms)
  Rendered /Users/spencerblum/.rvm/gems/ruby-2.6.1/gems/actionpack-5.0.7.1/lib/action_dispatch/middleware/templates/rescues/template_error.html.erb within rescues/layout (37.9ms)
Started GET "/school_classes/new" for ::1 at 2020-03-16 15:26:16 -0400
Processing by SchoolClassesController#new as HTML
  Rendering school_classes/new.html.erb within layouts/application
  Rendered school_classes/new.html.erb within layouts/application (6.3ms)
Completed 200 OK in 103ms (Views: 86.9ms | ActiveRecord: 2.6ms)


Started POST "/school_classes" for ::1 at 2020-03-16 15:26:31 -0400
Processing by SchoolClassesController#create as HTML
  Parameters: {"utf8"=>"✓", "authenticity_token"=>"sAql/rw2dNgI8Lyawd51pnl0yUpJtZOAJomVx5u1cYZ65iv5yH+YsUCICjP1YKkF91zjQFbS23gqj/K4TxUuiw==", "school_class"=>{"title"=>"sss", "room_number"=>"sdsddf"}, "commit"=>"Create School class"}
  [1m[35m (0.1ms)[0m  [1m[36mbegin transaction[0m
  [1m[35mSQL (0.9ms)[0m  [1m[32mINSERT INTO "school_classes" ("title", "room_number", "created_at", "updated_at") VALUES (?, ?, ?, ?)[0m  [["title", "sss"], ["room_number", 0], ["created_at", "2020-03-16 19:26:31.086583"], ["updated_at", "2020-03-16 19:26:31.086583"]]
  [1m[35m (0.9ms)[0m  [1m[36mcommit transaction[0m
Redirected to http://localhost:3000/school_classes/1
Completed 302 Found in 7ms (ActiveRecord: 1.9ms)


Started GET "/school_classes/1" for ::1 at 2020-03-16 15:26:31 -0400
Processing by SchoolClassesController#show as HTML
  Parameters: {"id"=>"1"}
  [1m[36mSchoolClass Load (0.1ms)[0m  [1m[34mSELECT  "school_classes".* FROM "school_classes" WHERE "school_classes"."id" = ? LIMIT ?[0m  [["id", 1], ["LIMIT", 1]]
  Rendering school_classes/show.html.erb within layouts/application
  Rendered school_classes/show.html.erb within layouts/application (0.3ms)
Completed 200 OK in 13ms (Views: 10.1ms | ActiveRecord: 0.1ms)


Started GET "/school_classes/new" for ::1 at 2020-03-16 15:28:32 -0400
Processing by SchoolClassesController#new as HTML
  Rendering school_classes/new.html.erb within layouts/application
  Rendered school_classes/new.html.erb within layouts/application (13.4ms)
Completed 200 OK in 41ms (Views: 39.3ms | ActiveRecord: 0.0ms)


Started GET "/school_classes/new" for ::1 at 2020-03-16 15:29:36 -0400
Processing by SchoolClassesController#new as HTML
  Rendering school_classes/new.html.erb within layouts/application
  Rendered school_classes/new.html.erb within layouts/application (3.8ms)
Completed 200 OK in 22ms (Views: 20.9ms | ActiveRecord: 0.0ms)


Started GET "/school_classes/new" for ::1 at 2020-03-16 15:29:51 -0400
Processing by SchoolClassesController#new as HTML
  Rendering school_classes/new.html.erb within layouts/application
  Rendered school_classes/new.html.erb within layouts/application (1.0ms)
Completed 500 Internal Server Error in 5ms (ActiveRecord: 0.0ms)


  
SyntaxError (/Users/spencerblum/Development/code/rails-form_for-lab-atlanta-web-021720/app/views/school_classes/new.html.erb:4: syntax error, unexpected ':', expecting ')'
...buffer.append=( f.label :Title:  );@output_buffer.safe_appen...
...                              ^
/Users/spencerblum/Development/code/rails-form_for-lab-atlanta-web-021720/app/views/school_classes/new.html.erb:11: syntax error, unexpected end, expecting ')'
'.freeze; end ;@output_buffer.to_s
          ^~~
/Users/spencerblum/Development/code/rails-form_for-lab-atlanta-web-021720/app/views/school_classes/new.html.erb:12: syntax error, unexpected ensure, expecting ')'
          ensure
          ^~~~~~
/Users/spencerblum/Development/code/rails-form_for-lab-atlanta-web-021720/app/views/school_classes/new.html.erb:14: syntax error, unexpected end, expecting ')'
          end
          ^~~):
  
app/views/school_classes/new.html.erb:4: syntax error, unexpected ':', expecting ')'
app/views/school_classes/new.html.erb:11: syntax error, unexpected end, expecting ')'
app/views/school_classes/new.html.erb:12: syntax error, unexpected ensure, expecting ')'
app/views/school_classes/new.html.erb:14: syntax error, unexpected end, expecting ')'
  Rendering /Users/spencerblum/.rvm/gems/ruby-2.6.1/gems/actionpack-5.0.7.1/lib/action_dispatch/middleware/templates/rescues/diagnostics.html.erb within rescues/layout
  Rendering /Users/spencerblum/.rvm/gems/ruby-2.6.1/gems/actionpack-5.0.7.1/lib/action_dispatch/middleware/templates/rescues/_source.html.erb
  Rendered /Users/spencerblum/.rvm/gems/ruby-2.6.1/gems/actionpack-5.0.7.1/lib/action_dispatch/middleware/templates/rescues/_source.html.erb (3.4ms)
  Rendering /Users/spencerblum/.rvm/gems/ruby-2.6.1/gems/actionpack-5.0.7.1/lib/action_dispatch/middleware/templates/rescues/_trace.html.erb
  Rendered /Users/spencerblum/.rvm/gems/ruby-2.6.1/gems/actionpack-5.0.7.1/lib/action_dispatch/middleware/templates/rescues/_trace.html.erb (4.1ms)
  Rendering /Users/spencerblum/.rvm/gems/ruby-2.6.1/gems/actionpack-5.0.7.1/lib/action_dispatch/middleware/templates/rescues/_request_and_response.html.erb
  Rendered /Users/spencerblum/.rvm/gems/ruby-2.6.1/gems/actionpack-5.0.7.1/lib/action_dispatch/middleware/templates/rescues/_request_and_response.html.erb (0.9ms)
  Rendered /Users/spencerblum/.rvm/gems/ruby-2.6.1/gems/actionpack-5.0.7.1/lib/action_dispatch/middleware/templates/rescues/diagnostics.html.erb within rescues/layout (79.1ms)
Started GET "/school_classes/new" for ::1 at 2020-03-16 15:30:02 -0400
Processing by SchoolClassesController#new as HTML
  Rendering school_classes/new.html.erb within layouts/application
  Rendered school_classes/new.html.erb within layouts/application (3.0ms)
Completed 200 OK in 26ms (Views: 24.3ms | ActiveRecord: 0.0ms)


Started GET "/school_classes/new" for ::1 at 2020-03-16 15:30:21 -0400
Processing by SchoolClassesController#new as HTML
  Rendering school_classes/new.html.erb within layouts/application
  Rendered school_classes/new.html.erb within layouts/application (2.9ms)
Completed 200 OK in 23ms (Views: 21.8ms | ActiveRecord: 0.0ms)


Started GET "/school_classes/new" for ::1 at 2020-03-16 15:30:41 -0400
Processing by SchoolClassesController#new as HTML
  Rendering school_classes/new.html.erb within layouts/application
  Rendered school_classes/new.html.erb within layouts/application (3.7ms)
Completed 200 OK in 24ms (Views: 19.6ms | ActiveRecord: 0.0ms)


Started GET "/school_classes/new" for ::1 at 2020-03-16 15:30:56 -0400
Processing by SchoolClassesController#new as HTML
  Rendering school_classes/new.html.erb within layouts/application
  Rendered school_classes/new.html.erb within layouts/application (2.9ms)
Completed 200 OK in 20ms (Views: 17.8ms | ActiveRecord: 0.0ms)


Started GET "/school_classes/new" for ::1 at 2020-03-16 15:30:58 -0400
Processing by SchoolClassesController#new as HTML
  Rendering school_classes/new.html.erb within layouts/application
  Rendered school_classes/new.html.erb within layouts/application (1.5ms)
Completed 200 OK in 20ms (Views: 19.0ms | ActiveRecord: 0.0ms)


Started GET "/school_classes/new" for ::1 at 2020-03-16 15:31:01 -0400
Processing by SchoolClassesController#new as HTML
  Rendering school_classes/new.html.erb within layouts/application
  Rendered school_classes/new.html.erb within layouts/application (2.6ms)
Completed 200 OK in 29ms (Views: 26.8ms | ActiveRecord: 0.0ms)


Started GET "/school_classes/new" for ::1 at 2020-03-16 15:31:17 -0400
Processing by SchoolClassesController#new as HTML
  Rendering school_classes/new.html.erb within layouts/application
  Rendered school_classes/new.html.erb within layouts/application (4.1ms)
Completed 200 OK in 50ms (Views: 41.4ms | ActiveRecord: 0.0ms)


Started GET "/school_classes/new" for ::1 at 2020-03-16 15:33:34 -0400
Processing by SchoolClassesController#new as HTML
  Rendering school_classes/new.html.erb within layouts/application
  Rendered school_classes/new.html.erb within layouts/application (4.6ms)
Completed 200 OK in 70ms (Views: 68.3ms | ActiveRecord: 0.0ms)


Started GET "/school_classes/new" for ::1 at 2020-03-16 15:33:46 -0400
Processing by SchoolClassesController#new as HTML
  Rendering school_classes/new.html.erb within layouts/application
  Rendered school_classes/new.html.erb within layouts/application (2.9ms)
Completed 200 OK in 27ms (Views: 25.7ms | ActiveRecord: 0.0ms)


Started POST "/school_classes" for ::1 at 2020-03-16 15:34:13 -0400
Processing by SchoolClassesController#create as HTML
  Parameters: {"utf8"=>"✓", "authenticity_token"=>"cTBHJxL74xtKCueDj3zRuvJlw+oGlOeFICf9Gm9RQT+73MkgZrIPcgJyUSq7wg0ZfE3p4Bnzr30sIZplu/EeMg==", "school_class"=>{"title"=>"test", "room_number"=>"test"}, "commit"=>"Create School class"}
  [1m[35m (0.3ms)[0m  [1m[36mbegin transaction[0m
  [1m[35mSQL (0.8ms)[0m  [1m[32mINSERT INTO "school_classes" ("title", "room_number", "created_at", "updated_at") VALUES (?, ?, ?, ?)[0m  [["title", "test"], ["room_number", 0], ["created_at", "2020-03-16 19:34:13.610536"], ["updated_at", "2020-03-16 19:34:13.610536"]]
  [1m[35m (3.6ms)[0m  [1m[36mcommit transaction[0m
Redirected to http://localhost:3000/school_classes/2
Completed 302 Found in 12ms (ActiveRecord: 4.8ms)


Started GET "/school_classes/2" for ::1 at 2020-03-16 15:34:13 -0400
Processing by SchoolClassesController#show as HTML
  Parameters: {"id"=>"2"}
  [1m[36mSchoolClass Load (0.1ms)[0m  [1m[34mSELECT  "school_classes".* FROM "school_classes" WHERE "school_classes"."id" = ? LIMIT ?[0m  [["id", 2], ["LIMIT", 1]]
  Rendering school_classes/show.html.erb within layouts/application
  Rendered school_classes/show.html.erb within layouts/application (0.4ms)
Completed 200 OK in 26ms (Views: 24.0ms | ActiveRecord: 0.1ms)


Started GET "/school_classes/2" for ::1 at 2020-03-16 15:34:43 -0400
Processing by SchoolClassesController#show as HTML
  Parameters: {"id"=>"2"}
  [1m[36mSchoolClass Load (0.1ms)[0m  [1m[34mSELECT  "school_classes".* FROM "school_classes" WHERE "school_classes"."id" = ? LIMIT ?[0m  [["id", 2], ["LIMIT", 1]]
  Rendering school_classes/show.html.erb within layouts/application
  Rendered school_classes/show.html.erb within layouts/application (103.0ms)
Completed 500 Internal Server Error in 108ms (ActiveRecord: 0.1ms)


  
ActionView::Template::Error (undefined local variable or method `school_class' for #<#<Class:0x00007fa71c553a28>:0x00007fa71c591e18>
Did you mean?  @school_class):
    1: <%=school_class.title%>
  
app/views/school_classes/show.html.erb:1:in `_app_views_school_classes_show_html_erb___4392810221872622996_70177855935980'
  Rendering /Users/spencerblum/.rvm/gems/ruby-2.6.1/gems/actionpack-5.0.7.1/lib/action_dispatch/middleware/templates/rescues/template_error.html.erb within rescues/layout
  Rendering /Users/spencerblum/.rvm/gems/ruby-2.6.1/gems/actionpack-5.0.7.1/lib/action_dispatch/middleware/templates/rescues/_source.html.erb
  Rendered /Users/spencerblum/.rvm/gems/ruby-2.6.1/gems/actionpack-5.0.7.1/lib/action_dispatch/middleware/templates/rescues/_source.html.erb (3.2ms)
  Rendering /Users/spencerblum/.rvm/gems/ruby-2.6.1/gems/actionpack-5.0.7.1/lib/action_dispatch/middleware/templates/rescues/_trace.html.erb
  Rendered /Users/spencerblum/.rvm/gems/ruby-2.6.1/gems/actionpack-5.0.7.1/lib/action_dispatch/middleware/templates/rescues/_trace.html.erb (1.3ms)
  Rendering /Users/spencerblum/.rvm/gems/ruby-2.6.1/gems/actionpack-5.0.7.1/lib/action_dispatch/middleware/templates/rescues/_request_and_response.html.erb
  Rendered /Users/spencerblum/.rvm/gems/ruby-2.6.1/gems/actionpack-5.0.7.1/lib/action_dispatch/middleware/templates/rescues/_request_and_response.html.erb (2.6ms)
  Rendered /Users/spencerblum/.rvm/gems/ruby-2.6.1/gems/actionpack-5.0.7.1/lib/action_dispatch/middleware/templates/rescues/template_error.html.erb within rescues/layout (27.7ms)
Started GET "/school_classes/2" for ::1 at 2020-03-16 15:34:52 -0400
Processing by SchoolClassesController#show as HTML
  Parameters: {"id"=>"2"}
  [1m[36mSchoolClass Load (0.1ms)[0m  [1m[34mSELECT  "school_classes".* FROM "school_classes" WHERE "school_classes"."id" = ? LIMIT ?[0m  [["id", 2], ["LIMIT", 1]]
  Rendering school_classes/show.html.erb within layouts/application
  Rendered school_classes/show.html.erb within layouts/application (0.5ms)
Completed 200 OK in 25ms (Views: 23.0ms | ActiveRecord: 0.1ms)


Started GET "/school_classes/2" for ::1 at 2020-03-16 15:35:04 -0400
Processing by SchoolClassesController#show as HTML
  Parameters: {"id"=>"2"}
  [1m[36mSchoolClass Load (0.1ms)[0m  [1m[34mSELECT  "school_classes".* FROM "school_classes" WHERE "school_classes"."id" = ? LIMIT ?[0m  [["id", 2], ["LIMIT", 1]]
  Rendering school_classes/show.html.erb within layouts/application
  Rendered school_classes/show.html.erb within layouts/application (0.5ms)
Completed 200 OK in 26ms (Views: 24.6ms | ActiveRecord: 0.1ms)


Started GET "/students" for ::1 at 2020-03-16 15:51:55 -0400
Processing by StudentsController#index as HTML
  Rendering students/index.html.erb within layouts/application
  [1m[36mStudent Load (1.1ms)[0m  [1m[34mSELECT "students".* FROM "students"[0m
  Rendered students/index.html.erb within layouts/application (22.1ms)
Completed 200 OK in 100ms (Views: 75.0ms | ActiveRecord: 1.7ms)


Started GET "/school_classes" for ::1 at 2020-03-16 15:53:14 -0400
Processing by SchoolClassesController#index as HTML
  Rendering school_classes/index.html.erb within layouts/application
  Rendered school_classes/index.html.erb within layouts/application (1.6ms)
Completed 200 OK in 42ms (Views: 38.3ms | ActiveRecord: 0.0ms)


Started GET "/school_classes.new" for ::1 at 2020-03-16 15:53:18 -0400
Processing by SchoolClassesController#index as 
  Rendering school_classes/index.html.erb within layouts/application
  Rendered school_classes/index.html.erb within layouts/application (0.4ms)
Completed 200 OK in 122ms (Views: 113.0ms | ActiveRecord: 0.0ms)


Started GET "/school_classes/new" for ::1 at 2020-03-16 15:53:37 -0400
Processing by SchoolClassesController#new as HTML
  Rendering school_classes/new.html.erb within layouts/application
  Rendered school_classes/new.html.erb within layouts/application (4.1ms)
Completed 200 OK in 26ms (Views: 23.8ms | ActiveRecord: 0.0ms)


Started POST "/school_classes" for ::1 at 2020-03-16 15:53:49 -0400
Processing by SchoolClassesController#create as HTML
  Parameters: {"utf8"=>"✓", "authenticity_token"=>"AGY+LWJvBx5tupxCTHQt9NhN5mbTC2p6Wq9BqNYyT1bKirAqFibrdyXCKut4yvFXVmXMbMxsIoJWqSbXApIQWw==", "school_class"=>{"title"=>"Math", "room_number"=>"101"}, "commit"=>"Create School class"}
  [1m[35m (0.1ms)[0m  [1m[36mbegin transaction[0m
  [1m[35mSQL (0.4ms)[0m  [1m[32mINSERT INTO "school_classes" ("title", "room_number", "created_at", "updated_at") VALUES (?, ?, ?, ?)[0m  [["title", "Math"], ["room_number", 101], ["created_at", "2020-03-16 19:53:49.327086"], ["updated_at", "2020-03-16 19:53:49.327086"]]
  [1m[35m (1.2ms)[0m  [1m[36mcommit transaction[0m
Redirected to http://localhost:3000/school_classes/3
Completed 302 Found in 8ms (ActiveRecord: 1.8ms)


Started GET "/school_classes/3" for ::1 at 2020-03-16 15:53:49 -0400
Processing by SchoolClassesController#show as HTML
  Parameters: {"id"=>"3"}
  [1m[36mSchoolClass Load (0.1ms)[0m  [1m[34mSELECT  "school_classes".* FROM "school_classes" WHERE "school_classes"."id" = ? LIMIT ?[0m  [["id", 3], ["LIMIT", 1]]
  Rendering school_classes/show.html.erb within layouts/application
  Rendered school_classes/show.html.erb within layouts/application (0.4ms)
Completed 200 OK in 26ms (Views: 23.9ms | ActiveRecord: 0.1ms)


Started GET "/school_classes/3" for ::1 at 2020-03-16 15:54:10 -0400
Processing by SchoolClassesController#show as HTML
  Parameters: {"id"=>"3"}
  [1m[36mSchoolClass Load (0.2ms)[0m  [1m[34mSELECT  "school_classes".* FROM "school_classes" WHERE "school_classes"."id" = ? LIMIT ?[0m  [["id", 3], ["LIMIT", 1]]
  Rendering school_classes/show.html.erb within layouts/application
  Rendered school_classes/show.html.erb within layouts/application (0.8ms)
Completed 200 OK in 33ms (Views: 29.9ms | ActiveRecord: 0.2ms)


Started GET "/school_classes/3" for ::1 at 2020-03-16 15:54:41 -0400
Processing by SchoolClassesController#show as HTML
  Parameters: {"id"=>"3"}
  [1m[36mSchoolClass Load (0.1ms)[0m  [1m[34mSELECT  "school_classes".* FROM "school_classes" WHERE "school_classes"."id" = ? LIMIT ?[0m  [["id", 3], ["LIMIT", 1]]
  Rendering school_classes/show.html.erb within layouts/application
  Rendered school_classes/show.html.erb within layouts/application (0.7ms)
Completed 200 OK in 44ms (Views: 41.1ms | ActiveRecord: 0.1ms)


Started GET "/school_classes" for ::1 at 2020-03-16 16:17:41 -0400
Processing by SchoolClassesController#index as HTML
  Rendering school_classes/index.html.erb within layouts/application
  Rendered school_classes/index.html.erb within layouts/application (1.3ms)
Completed 200 OK in 79ms (Views: 67.6ms | ActiveRecord: 0.0ms)


Started GET "/students" for ::1 at 2020-03-16 16:17:45 -0400
Processing by StudentsController#index as HTML
  Rendering students/index.html.erb within layouts/application
  [1m[36mStudent Load (0.7ms)[0m  [1m[34mSELECT "students".* FROM "students"[0m
  Rendered students/index.html.erb within layouts/application (15.3ms)
Completed 200 OK in 39ms (Views: 33.6ms | ActiveRecord: 1.4ms)


Started GET "/students/new" for ::1 at 2020-03-16 16:17:47 -0400
Processing by StudentsController#new as HTML
  Rendering students/new.html.erb within layouts/application
  Rendered students/new.html.erb within layouts/application (4.5ms)
Completed 200 OK in 23ms (Views: 21.5ms | ActiveRecord: 0.0ms)


Started POST "/students" for ::1 at 2020-03-16 16:17:57 -0400
Processing by StudentsController#create as HTML
  Parameters: {"utf8"=>"✓", "authenticity_token"=>"4EjDRnu3pJ27doc6JbC4NFxyEuxGmJ/rgkgEFm9+iVsqpE1BD/5I9PMOMZMRDmSX0lo45ln/1xOOTmNpu97WVg==", "student"=>{"first_name"=>"hello", "last_name"=>"hello2"}, "commit"=>"Create Student"}
  [1m[35m (0.2ms)[0m  [1m[36mbegin transaction[0m
  [1m[35mSQL (3.3ms)[0m  [1m[32mINSERT INTO "students" ("first_name", "last_name", "created_at", "updated_at") VALUES (?, ?, ?, ?)[0m  [["first_name", "hello"], ["last_name", "hello2"], ["created_at", "2020-03-16 20:17:57.961829"], ["updated_at", "2020-03-16 20:17:57.961829"]]
  [1m[35m (0.8ms)[0m  [1m[36mcommit transaction[0m
Redirected to http://localhost:3000/students/5
Completed 302 Found in 10ms (ActiveRecord: 4.3ms)


Started GET "/students/5" for ::1 at 2020-03-16 16:17:58 -0400
Processing by StudentsController#show as HTML
  Parameters: {"id"=>"5"}
Completed 500 Internal Server Error in 3ms (ActiveRecord: 0.0ms)


  
NameError (uninitialized constant StudentsController::Students):
  
app/controllers/students_controller.rb:26:in `show'
  Rendering /Users/spencerblum/.rvm/gems/ruby-2.6.1/gems/actionpack-5.0.7.1/lib/action_dispatch/middleware/templates/rescues/diagnostics.html.erb within rescues/layout
  Rendering /Users/spencerblum/.rvm/gems/ruby-2.6.1/gems/actionpack-5.0.7.1/lib/action_dispatch/middleware/templates/rescues/_source.html.erb
  Rendered /Users/spencerblum/.rvm/gems/ruby-2.6.1/gems/actionpack-5.0.7.1/lib/action_dispatch/middleware/templates/rescues/_source.html.erb (17.0ms)
  Rendering /Users/spencerblum/.rvm/gems/ruby-2.6.1/gems/actionpack-5.0.7.1/lib/action_dispatch/middleware/templates/rescues/_trace.html.erb
  Rendered /Users/spencerblum/.rvm/gems/ruby-2.6.1/gems/actionpack-5.0.7.1/lib/action_dispatch/middleware/templates/rescues/_trace.html.erb (2.3ms)
  Rendering /Users/spencerblum/.rvm/gems/ruby-2.6.1/gems/actionpack-5.0.7.1/lib/action_dispatch/middleware/templates/rescues/_request_and_response.html.erb
  Rendered /Users/spencerblum/.rvm/gems/ruby-2.6.1/gems/actionpack-5.0.7.1/lib/action_dispatch/middleware/templates/rescues/_request_and_response.html.erb (0.9ms)
  Rendered /Users/spencerblum/.rvm/gems/ruby-2.6.1/gems/actionpack-5.0.7.1/lib/action_dispatch/middleware/templates/rescues/diagnostics.html.erb within rescues/layout (65.5ms)
Started GET "/students/5" for ::1 at 2020-03-16 16:21:21 -0400
Processing by StudentsController#show as HTML
  Parameters: {"id"=>"5"}
Completed 500 Internal Server Error in 1ms (ActiveRecord: 0.0ms)


  
NameError (uninitialized constant StudentsController::Students):
  
app/controllers/students_controller.rb:26:in `show'
  Rendering /Users/spencerblum/.rvm/gems/ruby-2.6.1/gems/actionpack-5.0.7.1/lib/action_dispatch/middleware/templates/rescues/diagnostics.html.erb within rescues/layout
  Rendering /Users/spencerblum/.rvm/gems/ruby-2.6.1/gems/actionpack-5.0.7.1/lib/action_dispatch/middleware/templates/rescues/_source.html.erb
  Rendered /Users/spencerblum/.rvm/gems/ruby-2.6.1/gems/actionpack-5.0.7.1/lib/action_dispatch/middleware/templates/rescues/_source.html.erb (3.1ms)
  Rendering /Users/spencerblum/.rvm/gems/ruby-2.6.1/gems/actionpack-5.0.7.1/lib/action_dispatch/middleware/templates/rescues/_trace.html.erb
  Rendered /Users/spencerblum/.rvm/gems/ruby-2.6.1/gems/actionpack-5.0.7.1/lib/action_dispatch/middleware/templates/rescues/_trace.html.erb (2.8ms)
  Rendering /Users/spencerblum/.rvm/gems/ruby-2.6.1/gems/actionpack-5.0.7.1/lib/action_dispatch/middleware/templates/rescues/_request_and_response.html.erb
  Rendered /Users/spencerblum/.rvm/gems/ruby-2.6.1/gems/actionpack-5.0.7.1/lib/action_dispatch/middleware/templates/rescues/_request_and_response.html.erb (0.9ms)
  Rendered /Users/spencerblum/.rvm/gems/ruby-2.6.1/gems/actionpack-5.0.7.1/lib/action_dispatch/middleware/templates/rescues/diagnostics.html.erb within rescues/layout (31.1ms)
Started GET "/students" for ::1 at 2020-03-16 16:21:26 -0400
Processing by StudentsController#index as HTML
  Rendering students/index.html.erb within layouts/application
  [1m[36mStudent Load (0.7ms)[0m  [1m[34mSELECT "students".* FROM "students"[0m
  Rendered students/index.html.erb within layouts/application (40.5ms)
Completed 200 OK in 136ms (Views: 130.4ms | ActiveRecord: 1.8ms)


Started GET "/students/new" for ::1 at 2020-03-16 16:21:30 -0400
Processing by StudentsController#new as HTML
  Rendering students/new.html.erb within layouts/application
  Rendered students/new.html.erb within layouts/application (4.4ms)
Completed 500 Internal Server Error in 12ms (ActiveRecord: 0.0ms)


  
ActionView::Template::Error (First argument in form cannot contain nil or be empty):
    1: 
    2: Student Form
    3: <%= form_for(@student) do |f| %>
    4:   <label>Student first name:</label><br>
    5:   <%= f.text_field :first_name %><br>
    6: 
  
app/views/students/new.html.erb:3:in `_app_views_students_new_html_erb__872864148164813696_70177846820700'
  Rendering /Users/spencerblum/.rvm/gems/ruby-2.6.1/gems/actionpack-5.0.7.1/lib/action_dispatch/middleware/templates/rescues/template_error.html.erb within rescues/layout
  Rendering /Users/spencerblum/.rvm/gems/ruby-2.6.1/gems/actionpack-5.0.7.1/lib/action_dispatch/middleware/templates/rescues/_source.html.erb
  Rendered /Users/spencerblum/.rvm/gems/ruby-2.6.1/gems/actionpack-5.0.7.1/lib/action_dispatch/middleware/templates/rescues/_source.html.erb (11.0ms)
  Rendering /Users/spencerblum/.rvm/gems/ruby-2.6.1/gems/actionpack-5.0.7.1/lib/action_dispatch/middleware/templates/rescues/_trace.html.erb
  Rendered /Users/spencerblum/.rvm/gems/ruby-2.6.1/gems/actionpack-5.0.7.1/lib/action_dispatch/middleware/templates/rescues/_trace.html.erb (4.9ms)
  Rendering /Users/spencerblum/.rvm/gems/ruby-2.6.1/gems/actionpack-5.0.7.1/lib/action_dispatch/middleware/templates/rescues/_request_and_response.html.erb
  Rendered /Users/spencerblum/.rvm/gems/ruby-2.6.1/gems/actionpack-5.0.7.1/lib/action_dispatch/middleware/templates/rescues/_request_and_response.html.erb (0.6ms)
  Rendered /Users/spencerblum/.rvm/gems/ruby-2.6.1/gems/actionpack-5.0.7.1/lib/action_dispatch/middleware/templates/rescues/template_error.html.erb within rescues/layout (37.4ms)
Started GET "/students" for ::1 at 2020-03-16 16:22:13 -0400
Processing by StudentsController#index as HTML
  Rendering students/index.html.erb within layouts/application
  [1m[36mStudent Load (0.2ms)[0m  [1m[34mSELECT "students".* FROM "students"[0m
  Rendered students/index.html.erb within layouts/application (2.6ms)
Completed 200 OK in 26ms (Views: 24.3ms | ActiveRecord: 0.2ms)


Started GET "/students/new" for ::1 at 2020-03-16 16:23:23 -0400
Processing by StudentsController#new as HTML
  Rendering students/new.html.erb within layouts/application
  Rendered students/new.html.erb within layouts/application (3.4ms)
Completed 200 OK in 47ms (Views: 27.0ms | ActiveRecord: 1.6ms)


Started POST "/students" for ::1 at 2020-03-16 16:23:28 -0400
Processing by StudentsController#create as HTML
  Parameters: {"utf8"=>"✓", "authenticity_token"=>"53wjjrtWyS621wTG3St0J3Kw3X5K/OH/vEXDcQTaCO4tkK2Jzx8lR/6vsm/plaiE/Jj3dFWbqQewQ6QO0HpX4w==", "student"=>{"first_name"=>"dsfsdf", "last_name"=>"sdasd"}, "commit"=>"Create Student"}
  [1m[35m (0.1ms)[0m  [1m[36mbegin transaction[0m
  [1m[35mSQL (0.5ms)[0m  [1m[32mINSERT INTO "students" ("first_name", "last_name", "created_at", "updated_at") VALUES (?, ?, ?, ?)[0m  [["first_name", "dsfsdf"], ["last_name", "sdasd"], ["created_at", "2020-03-16 20:23:28.098382"], ["updated_at", "2020-03-16 20:23:28.098382"]]
  [1m[35m (1.0ms)[0m  [1m[36mcommit transaction[0m
Redirected to http://localhost:3000/students/6
Completed 302 Found in 33ms (ActiveRecord: 1.6ms)


Started GET "/students/6" for ::1 at 2020-03-16 16:23:28 -0400
Processing by StudentsController#show as HTML
  Parameters: {"id"=>"6"}
Completed 500 Internal Server Error in 2ms (ActiveRecord: 0.0ms)


  
NameError (uninitialized constant StudentsController::Students):
  
app/controllers/students_controller.rb:26:in `show'
  Rendering /Users/spencerblum/.rvm/gems/ruby-2.6.1/gems/actionpack-5.0.7.1/lib/action_dispatch/middleware/templates/rescues/diagnostics.html.erb within rescues/layout
  Rendering /Users/spencerblum/.rvm/gems/ruby-2.6.1/gems/actionpack-5.0.7.1/lib/action_dispatch/middleware/templates/rescues/_source.html.erb
  Rendered /Users/spencerblum/.rvm/gems/ruby-2.6.1/gems/actionpack-5.0.7.1/lib/action_dispatch/middleware/templates/rescues/_source.html.erb (6.5ms)
  Rendering /Users/spencerblum/.rvm/gems/ruby-2.6.1/gems/actionpack-5.0.7.1/lib/action_dispatch/middleware/templates/rescues/_trace.html.erb
  Rendered /Users/spencerblum/.rvm/gems/ruby-2.6.1/gems/actionpack-5.0.7.1/lib/action_dispatch/middleware/templates/rescues/_trace.html.erb (10.4ms)
  Rendering /Users/spencerblum/.rvm/gems/ruby-2.6.1/gems/actionpack-5.0.7.1/lib/action_dispatch/middleware/templates/rescues/_request_and_response.html.erb
  Rendered /Users/spencerblum/.rvm/gems/ruby-2.6.1/gems/actionpack-5.0.7.1/lib/action_dispatch/middleware/templates/rescues/_request_and_response.html.erb (1.0ms)
  Rendered /Users/spencerblum/.rvm/gems/ruby-2.6.1/gems/actionpack-5.0.7.1/lib/action_dispatch/middleware/templates/rescues/diagnostics.html.erb within rescues/layout (73.5ms)
Started GET "/students/6" for ::1 at 2020-03-16 16:23:53 -0400
Processing by StudentsController#show as HTML
  Parameters: {"id"=>"6"}
  [1m[36mStudent Load (0.1ms)[0m  [1m[34mSELECT  "students".* FROM "students" WHERE "students"."id" = ? LIMIT ?[0m  [["id", 6], ["LIMIT", 1]]
  Rendering students/show.html.erb within layouts/application
  Rendered students/show.html.erb within layouts/application (1.8ms)
Completed 200 OK in 71ms (Views: 55.3ms | ActiveRecord: 0.8ms)


